<?xml version="1.0" encoding="UTF-8"?>
<testsuite xmlns:xsi="http://www.w3.org/2001/XMLSchema-instance" xsi:noNamespaceSchemaLocation="https://maven.apache.org/surefire/maven-surefire-plugin/xsd/surefire-test-report-3.0.xsd" version="3.0" name="org.example.junit5.LoginPageReflectionTest" time="0.061" tests="12" errors="4" skipped="0" failures="6">
  <properties>
[...]
</properties>
  <testcase name="testLoginPageHasExpectedNumberOfMethods" classname="org.example.junit5.LoginPageReflectionTest" time="0.038">
    <failure message="LoginPage should have exactly 3 methods ==&gt; expected: &lt;3&gt; but was: &lt;1&gt;" type="org.opentest4j.AssertionFailedError"><![CDATA[org.opentest4j.AssertionFailedError: LoginPage should have exactly 3 methods ==> expected: <3> but was: <1>
	at org.junit.jupiter.api.AssertionFailureBuilder.build(AssertionFailureBuilder.java:151)
	at org.junit.jupiter.api.AssertionFailureBuilder.buildAndThrow(AssertionFailureBuilder.java:132)
	at org.junit.jupiter.api.AssertEquals.failNotEqual(AssertEquals.java:197)
	at org.junit.jupiter.api.AssertEquals.assertEquals(AssertEquals.java:150)
	at org.junit.jupiter.api.Assertions.assertEquals(Assertions.java:559)
	at org.example.junit5.LoginPageReflectionTest.testLoginPageHasExpectedNumberOfMethods(LoginPageReflectionTest.java:109)
	at java.base/java.lang.reflect.Method.invoke(Method.java:580)
	at java.base/java.util.ArrayList.forEach(ArrayList.java:1596)
	at java.base/java.util.ArrayList.forEach(ArrayList.java:1596)
]]></failure>
  </testcase>
  <testcase name="testLoginMethodReturnType" classname="org.example.junit5.LoginPageReflectionTest" time="0.001">
    <error message="org.example.LoginPage.login(java.lang.String,java.lang.String)" type="java.lang.NoSuchMethodException"><![CDATA[java.lang.NoSuchMethodException: org.example.LoginPage.login(java.lang.String,java.lang.String)
	at java.base/java.lang.Class.getDeclaredMethod(Class.java:2848)
	at org.example.junit5.LoginPageReflectionTest.testLoginMethodReturnType(LoginPageReflectionTest.java:92)
	at java.base/java.lang.reflect.Method.invoke(Method.java:580)
	at java.base/java.util.ArrayList.forEach(ArrayList.java:1596)
	at java.base/java.util.ArrayList.forEach(ArrayList.java:1596)
]]></error>
  </testcase>
  <testcase name="testLoginPageHasPrivateFields" classname="org.example.junit5.LoginPageReflectionTest" time="0.001"/>
  <testcase name="testLoginMethodExists" classname="org.example.junit5.LoginPageReflectionTest" time="0.001">
    <failure message="Login method should be present in LoginPage class ==&gt; expected: &lt;true&gt; but was: &lt;false&gt;" type="org.opentest4j.AssertionFailedError"><![CDATA[org.opentest4j.AssertionFailedError: Login method should be present in LoginPage class ==> expected: <true> but was: <false>
	at org.junit.jupiter.api.AssertionFailureBuilder.build(AssertionFailureBuilder.java:151)
	at org.junit.jupiter.api.AssertionFailureBuilder.buildAndThrow(AssertionFailureBuilder.java:132)
	at org.junit.jupiter.api.AssertTrue.failNotTrue(AssertTrue.java:63)
	at org.junit.jupiter.api.AssertTrue.assertTrue(AssertTrue.java:36)
	at org.junit.jupiter.api.Assertions.assertTrue(Assertions.java:210)
	at org.example.junit5.LoginPageReflectionTest.testLoginMethodExists(LoginPageReflectionTest.java:49)
	at java.base/java.lang.reflect.Method.invoke(Method.java:580)
	at java.base/java.util.ArrayList.forEach(ArrayList.java:1596)
	at java.base/java.util.ArrayList.forEach(ArrayList.java:1596)
]]></failure>
  </testcase>
  <testcase name="testLoginPageImplementsInterface" classname="org.example.junit5.LoginPageReflectionTest" time="0.002">
    <failure message="LoginPage should implement the Authenticatable interface ==&gt; expected: &lt;true&gt; but was: &lt;false&gt;" type="org.opentest4j.AssertionFailedError"><![CDATA[org.opentest4j.AssertionFailedError: LoginPage should implement the Authenticatable interface ==> expected: <true> but was: <false>
	at org.junit.jupiter.api.AssertionFailureBuilder.build(AssertionFailureBuilder.java:151)
	at org.junit.jupiter.api.AssertionFailureBuilder.buildAndThrow(AssertionFailureBuilder.java:132)
	at org.junit.jupiter.api.AssertTrue.failNotTrue(AssertTrue.java:63)
	at org.junit.jupiter.api.AssertTrue.assertTrue(AssertTrue.java:36)
	at org.junit.jupiter.api.Assertions.assertTrue(Assertions.java:210)
	at org.example.junit5.LoginPageReflectionTest.testLoginPageImplementsInterface(LoginPageReflectionTest.java:77)
	at java.base/java.lang.reflect.Method.invoke(Method.java:580)
	at java.base/java.util.ArrayList.forEach(ArrayList.java:1596)
	at java.base/java.util.ArrayList.forEach(ArrayList.java:1596)
]]></failure>
  </testcase>
  <testcase name="testLoginPageHasNoStaticMethods" classname="org.example.junit5.LoginPageReflectionTest" time="0.001">
    <failure message="LoginPage should not have static methods ==&gt; expected: &lt;false&gt; but was: &lt;true&gt;" type="org.opentest4j.AssertionFailedError"><![CDATA[org.opentest4j.AssertionFailedError: LoginPage should not have static methods ==> expected: <false> but was: <true>
	at org.junit.jupiter.api.AssertionFailureBuilder.build(AssertionFailureBuilder.java:151)
	at org.junit.jupiter.api.AssertionFailureBuilder.buildAndThrow(AssertionFailureBuilder.java:132)
	at org.junit.jupiter.api.AssertFalse.failNotFalse(AssertFalse.java:63)
	at org.junit.jupiter.api.AssertFalse.assertFalse(AssertFalse.java:36)
	at org.junit.jupiter.api.Assertions.assertFalse(Assertions.java:235)
	at org.example.junit5.LoginPageReflectionTest.testLoginPageHasNoStaticMethods(LoginPageReflectionTest.java:117)
	at java.base/java.lang.reflect.Method.invoke(Method.java:580)
	at java.base/java.util.ArrayList.forEach(ArrayList.java:1596)
	at java.base/java.util.ArrayList.forEach(ArrayList.java:1596)
]]></failure>
  </testcase>
  <testcase name="testLoginPageHasExpectedFieldTypes" classname="org.example.junit5.LoginPageReflectionTest" time="0.001">
    <error message="usernameField" type="java.lang.NoSuchFieldException"><![CDATA[java.lang.NoSuchFieldException: usernameField
	at java.base/java.lang.Class.getDeclaredField(Class.java:2782)
	at org.example.junit5.LoginPageReflectionTest.testLoginPageHasExpectedFieldTypes(LoginPageReflectionTest.java:124)
	at java.base/java.lang.reflect.Method.invoke(Method.java:580)
	at java.base/java.util.ArrayList.forEach(ArrayList.java:1596)
	at java.base/java.util.ArrayList.forEach(ArrayList.java:1596)
]]></error>
  </testcase>
  <testcase name="testLoginPageFieldsExist" classname="org.example.junit5.LoginPageReflectionTest" time="0.001">
    <error message="usernameField" type="java.lang.NoSuchFieldException"><![CDATA[java.lang.NoSuchFieldException: usernameField
	at java.base/java.lang.Class.getDeclaredField(Class.java:2782)
	at org.example.junit5.LoginPageReflectionTest.testLoginPageFieldsExist(LoginPageReflectionTest.java:27)
	at java.base/java.lang.reflect.Method.invoke(Method.java:580)
	at java.base/java.util.ArrayList.forEach(ArrayList.java:1596)
	at java.base/java.util.ArrayList.forEach(ArrayList.java:1596)
]]></error>
  </testcase>
  <testcase name="testLoginPageConstructorIsPrivate" classname="org.example.junit5.LoginPageReflectionTest" time="0.001">
    <failure message="LoginPage constructor should be private ==&gt; expected: &lt;true&gt; but was: &lt;false&gt;" type="org.opentest4j.AssertionFailedError"><![CDATA[org.opentest4j.AssertionFailedError: LoginPage constructor should be private ==> expected: <true> but was: <false>
	at org.junit.jupiter.api.AssertionFailureBuilder.build(AssertionFailureBuilder.java:151)
	at org.junit.jupiter.api.AssertionFailureBuilder.buildAndThrow(AssertionFailureBuilder.java:132)
	at org.junit.jupiter.api.AssertTrue.failNotTrue(AssertTrue.java:63)
	at org.junit.jupiter.api.AssertTrue.assertTrue(AssertTrue.java:36)
	at org.junit.jupiter.api.Assertions.assertTrue(Assertions.java:210)
	at org.example.junit5.LoginPageReflectionTest.testLoginPageConstructorIsPrivate(LoginPageReflectionTest.java:63)
	at java.base/java.lang.reflect.Method.invoke(Method.java:580)
	at java.base/java.util.ArrayList.forEach(ArrayList.java:1596)
	at java.base/java.util.ArrayList.forEach(ArrayList.java:1596)
]]></failure>
  </testcase>
  <testcase name="testLoginPageHasNoPublicFields" classname="org.example.junit5.LoginPageReflectionTest" time="0.002">
    <failure message="LoginPage should not expose public fields ==&gt; expected: &lt;0&gt; but was: &lt;36&gt;" type="org.opentest4j.AssertionFailedError"><![CDATA[org.opentest4j.AssertionFailedError: LoginPage should not expose public fields ==> expected: <0> but was: <36>
	at org.junit.jupiter.api.AssertionFailureBuilder.build(AssertionFailureBuilder.java:151)
	at org.junit.jupiter.api.AssertionFailureBuilder.buildAndThrow(AssertionFailureBuilder.java:132)
	at org.junit.jupiter.api.AssertEquals.failNotEqual(AssertEquals.java:197)
	at org.junit.jupiter.api.AssertEquals.assertEquals(AssertEquals.java:150)
	at org.junit.jupiter.api.Assertions.assertEquals(Assertions.java:559)
	at org.example.junit5.LoginPageReflectionTest.testLoginPageHasNoPublicFields(LoginPageReflectionTest.java:56)
	at java.base/java.lang.reflect.Method.invoke(Method.java:580)
	at java.base/java.util.ArrayList.forEach(ArrayList.java:1596)
	at java.base/java.util.ArrayList.forEach(ArrayList.java:1596)
]]></failure>
  </testcase>
  <testcase name="testLoginPageClassExists" classname="org.example.junit5.LoginPageReflectionTest" time="0.001"/>
  <testcase name="testLoginMethodParameters" classname="org.example.junit5.LoginPageReflectionTest" time="0.001">
    <error message="org.example.LoginPage.login(java.lang.String,java.lang.String)" type="java.lang.NoSuchMethodException"><![CDATA[java.lang.NoSuchMethodException: org.example.LoginPage.login(java.lang.String,java.lang.String)
	at java.base/java.lang.Class.getDeclaredMethod(Class.java:2848)
	at org.example.junit5.LoginPageReflectionTest.testLoginMethodParameters(LoginPageReflectionTest.java:85)
	at java.base/java.lang.reflect.Method.invoke(Method.java:580)
	at java.base/java.util.ArrayList.forEach(ArrayList.java:1596)
	at java.base/java.util.ArrayList.forEach(ArrayList.java:1596)
]]></error>
  </testcase>
</testsuite>