<!DOCTYPE html>
<!--
 | Generated by Apache Maven Doxia Site Renderer 1.11.1 at 2025-04-25

 | Rendered using Apache Maven Default Skin
-->
<html xmlns="http://www.w3.org/1999/xhtml" xml:lang="en" lang="en">
  <head>
    <meta charset="UTF-8" />
    <meta name="viewport" content="width=device-width, initial-scale=1.0" />
    <meta name="generator" content="Apache Maven Doxia Site Renderer 1.11.1" />
    <title>banking-system &#x2013; Surefire Report</title>
    <link rel="stylesheet" href="./css/maven-base.css" />
    <link rel="stylesheet" href="./css/maven-theme.css" />
    <link rel="stylesheet" href="./css/site.css" />
    <link rel="stylesheet" href="./css/print.css" media="print" />
  </head>
  <body class="composite">
    <div id="banner">
      <div class="clear">
        <hr/>
      </div>
    </div>
    <div id="breadcrumbs">
      <div class="xleft">
        <span id="publishDate">Last Published: 2025-04-25</span>
           | <span id="projectVersion">Version: 1.0-SNAPSHOT</span>
      </div>
      <div class="xright">      </div>
      <div class="clear">
        <hr/>
      </div>
    </div>
    <div id="leftColumn">
      <div id="navcolumn">
      <a href="http://maven.apache.org/" title="Built by Maven" class="poweredBy">
        <img class="poweredBy" alt="Built by Maven" src="./images/logos/maven-feather.png" />
      </a>
      </div>
    </div>
    <div id="bodyColumn">
      <div id="contentBox">
<script type="text/javascript">
function toggleDisplay(elementId) {
 var elm = document.getElementById(elementId + '-error');
 if (elm == null) {
  elm = document.getElementById(elementId + '-failure');
 }
 if (elm && typeof elm.style != "undefined") {
  if (elm.style.display == "none") {
   elm.style.display = "";
   document.getElementById(elementId + '-off').style.display = "none";
   document.getElementById(elementId + '-on').style.display = "inline";
  } else if (elm.style.display == "") {   elm.style.display = "none";
   document.getElementById(elementId + '-off').style.display = "inline";
   document.getElementById(elementId + '-on').style.display = "none";
  }
 }
 }</script><section>
<h2><a name="Surefire_Report"></a>Surefire Report</h2></section><section><a id="Summary"></a>
<h2><a name="Summary"></a>Summary</h2>
<p>[<a href="#Summary">Summary</a>] [<a href="#Package_List">Package List</a>] [<a href="#Test_Cases">Test Cases</a>]</p><br />
<table border="0" class="bodyTable">
<tr class="a">
<th>Tests</th>
<th>Errors</th>
<th>Failures</th>
<th>Skipped</th>
<th>Success Rate</th>
<th>Time</th></tr>
<tr class="b">
<td align="left">80</td>
<td>4</td>
<td>28</td>
<td>0</td>
<td>60.0%</td>
<td>0.343 s</td></tr></table><br />
<p>Note: failures are anticipated and checked for with assertions while errors are unanticipated.</p><br /></section><section><a id="Package_List"></a>
<h2><a name="Package_List"></a>Package List</h2>
<p>[<a href="#Summary">Summary</a>] [<a href="#Package_List">Package List</a>] [<a href="#Test_Cases">Test Cases</a>]</p><br />
<table border="0" class="bodyTable">
<tr class="a">
<th>Package</th>
<th>Tests</th>
<th>Errors</th>
<th>Failures</th>
<th>Skipped</th>
<th>Success Rate</th>
<th>Time</th></tr>
<tr class="b">
<td align="left"><a href="#org.example">org.example</a></td>
<td>4</td>
<td>0</td>
<td>0</td>
<td>0</td>
<td>100%</td>
<td>0.076 s</td></tr>
<tr class="a">
<td align="left"><a href="#org.example.junit5">org.example.junit5</a></td>
<td>76</td>
<td>4</td>
<td>28</td>
<td>0</td>
<td>57.9%</td>
<td>0.267 s</td></tr></table><br />
<p>Note: package statistics are not computed recursively, they only sum up all of its testsuites numbers.</p><section><a id="org.example"></a>
<h3><a name="org.example"></a>org.example</h3>
<table border="0" class="bodyTable">
<tr class="a">
<th>-</th>
<th>Class</th>
<th>Tests</th>
<th>Errors</th>
<th>Failures</th>
<th>Skipped</th>
<th>Success Rate</th>
<th>Time</th></tr>
<tr class="b">
<td align="left"><a href="#org.example.HelloWorldTest"><img src="images/icon_success_sml.gif" alt="" /></a></td>
<td><a href="#org.example.HelloWorldTest">HelloWorldTest</a></td>
<td>4</td>
<td>0</td>
<td>0</td>
<td>0</td>
<td>100%</td>
<td>0.076 s</td></tr></table></section><section><a id="org.example.junit5"></a>
<h3><a name="org.example.junit5"></a>org.example.junit5</h3>
<table border="0" class="bodyTable">
<tr class="a">
<th>-</th>
<th>Class</th>
<th>Tests</th>
<th>Errors</th>
<th>Failures</th>
<th>Skipped</th>
<th>Success Rate</th>
<th>Time</th></tr>
<tr class="b">
<td align="left"><a href="#org.example.junit5.AdminTest"><img src="images/icon_warning_sml.gif" alt="" /></a></td>
<td><a href="#org.example.junit5.AdminTest">AdminTest</a></td>
<td>23</td>
<td>0</td>
<td>6</td>
<td>0</td>
<td>73.9%</td>
<td>0.089 s</td></tr>
<tr class="a">
<td align="left"><a href="#org.example.junit5.ClientTest"><img src="images/icon_warning_sml.gif" alt="" /></a></td>
<td><a href="#org.example.junit5.ClientTest">ClientTest</a></td>
<td>24</td>
<td>0</td>
<td>9</td>
<td>0</td>
<td>62.5%</td>
<td>0.068 s</td></tr>
<tr class="b">
<td align="left"><a href="#org.example.junit5.LoanOperationsTest"><img src="images/icon_warning_sml.gif" alt="" /></a></td>
<td><a href="#org.example.junit5.LoanOperationsTest">LoanOperationsTest</a></td>
<td>17</td>
<td>0</td>
<td>7</td>
<td>0</td>
<td>58.8%</td>
<td>0.049 s</td></tr>
<tr class="a">
<td align="left"><a href="#org.example.junit5.LoginPageReflectionTest"><img src="images/icon_error_sml.gif" alt="" /></a></td>
<td><a href="#org.example.junit5.LoginPageReflectionTest">LoginPageReflectionTest</a></td>
<td>12</td>
<td>4</td>
<td>6</td>
<td>0</td>
<td>16.7%</td>
<td>0.061 s</td></tr></table></section><br /></section><section><a id="Test_Cases"></a>
<h2><a name="Test_Cases"></a>Test Cases</h2>
<p>[<a href="#Summary">Summary</a>] [<a href="#Package_List">Package List</a>] [<a href="#Test_Cases">Test Cases</a>]</p><section><a id="org.example.HelloWorldTest"></a>
<h3><a name="HelloWorldTest"></a>HelloWorldTest</h3>
<table border="0" class="bodyTable">
<tr class="a">
<td align="left"><img src="images/icon_success_sml.gif" alt="" /></td>
<td><a id="TC_org.example.HelloWorldTest.testMultiplication"></a>testMultiplication</td>
<td>0.042 s</td></tr>
<tr class="b">
<td align="left"><img src="images/icon_success_sml.gif" alt="" /></td>
<td><a id="TC_org.example.HelloWorldTest.testAddition"></a>testAddition</td>
<td>0.001 s</td></tr>
<tr class="a">
<td align="left"><img src="images/icon_success_sml.gif" alt="" /></td>
<td><a id="TC_org.example.HelloWorldTest.testDivision"></a>testDivision</td>
<td>0.001 s</td></tr>
<tr class="b">
<td align="left"><img src="images/icon_success_sml.gif" alt="" /></td>
<td><a id="TC_org.example.HelloWorldTest.testSubtraction"></a>testSubtraction</td>
<td>0.001 s</td></tr></table></section><section><a id="org.example.junit5.AdminTest"></a>
<h3><a name="AdminTest"></a>AdminTest</h3>
<table border="0" class="bodyTable">
<tr class="a">
<td align="left"><img src="images/icon_success_sml.gif" alt="" /></td>
<td><a id="TC_org.example.junit5.AdminTest.testAdminSalaryUpdate"></a>testAdminSalaryUpdate</td>
<td>0.003 s</td></tr>
<tr class="b">
<td align="left"><a href="#org.example.junit5.AdminTest.testInvalidBalance"><img src="images/icon_error_sml.gif" alt="" /></a></td>
<td><a id="TC_org.example.junit5.AdminTest.testInvalidBalance"></a><a href="#org.example.junit5.AdminTest.testInvalidBalance">testInvalidBalance</a>
<div class="detailToggle" style="display:inline"><a href="javascript:toggleDisplay('org.example.junit5.AdminTest.testInvalidBalance');"><span style="display:inline;" id="org.example.junit5.AdminTest.testInvalidBalance-off"> + </span><span style="display:none;" id="org.example.junit5.AdminTest.testInvalidBalance-on"> - </span>[ Detail ]</a></div></td>
<td>0.012 s</td></tr>
<tr class="a">
<td align="left">-</td>
<td>expected: &lt;false&gt; but was: &lt;true&gt;</td>
<td>-</td></tr>
<tr class="b" id="org.example.junit5.AdminTest.testInvalidBalance-failure" style="display:none;">
<td align="left">-</td>
<td>
<div class="source">
<pre>org.opentest4j.AssertionFailedError: expected: &lt;false&gt; but was: &lt;true&gt;
	at org.junit.jupiter.api.AssertionFailureBuilder.build(AssertionFailureBuilder.java:151)
	at org.junit.jupiter.api.AssertionFailureBuilder.buildAndThrow(AssertionFailureBuilder.java:132)
	at org.junit.jupiter.api.AssertFalse.failNotFalse(AssertFalse.java:63)
	at org.junit.jupiter.api.AssertFalse.assertFalse(AssertFalse.java:36)
	at org.junit.jupiter.api.AssertFalse.assertFalse(AssertFalse.java:31)
	at org.junit.jupiter.api.Assertions.assertFalse(Assertions.java:227)
	at org.example.junit5.AdminTest.testInvalidBalance(AdminTest.java:55)
	at java.base/java.lang.reflect.Method.invoke(Method.java:580)
	at java.base/java.util.ArrayList.forEach(ArrayList.java:1596)
	at java.base/java.util.ArrayList.forEach(ArrayList.java:1596)
</pre></div></td>
<td>-</td></tr>
<tr class="a">
<td align="left"><img src="images/icon_success_sml.gif" alt="" /></td>
<td><a id="TC_org.example.junit5.AdminTest.testAdminCreation"></a>testAdminCreation</td>
<td>0.004 s</td></tr>
<tr class="b">
<td align="left"><img src="images/icon_success_sml.gif" alt="" /></td>
<td><a id="TC_org.example.junit5.AdminTest.testAdminCreationWithEmptyName"></a>testAdminCreationWithEmptyName</td>
<td>0.003 s</td></tr>
<tr class="a">
<td align="left"><img src="images/icon_success_sml.gif" alt="" /></td>
<td><a id="TC_org.example.junit5.AdminTest.testAdminBonusCalculationWithNegativeYears"></a>testAdminBonusCalculationWithNegativeYears</td>
<td>0.003 s</td></tr>
<tr class="b">
<td align="left"><img src="images/icon_success_sml.gif" alt="" /></td>
<td><a id="TC_org.example.junit5.AdminTest.testAdminWithDuplicateName"></a>testAdminWithDuplicateName</td>
<td>0.001 s</td></tr>
<tr class="a">
<td align="left"><img src="images/icon_success_sml.gif" alt="" /></td>
<td><a id="TC_org.example.junit5.AdminTest.testAccountNumberUniqueness"></a>testAccountNumberUniqueness</td>
<td>0.002 s</td></tr>
<tr class="b">
<td align="left"><img src="images/icon_success_sml.gif" alt="" /></td>
<td><a id="TC_org.example.junit5.AdminTest.testAdminBalanceUpdate"></a>testAdminBalanceUpdate</td>
<td>0.001 s</td></tr>
<tr class="a">
<td align="left"><img src="images/icon_success_sml.gif" alt="" /></td>
<td><a id="TC_org.example.junit5.AdminTest.testAdminRoleUpdate"></a>testAdminRoleUpdate</td>
<td>0.002 s</td></tr>
<tr class="b">
<td align="left"><a href="#org.example.junit5.AdminTest.testInvalidPassword"><img src="images/icon_error_sml.gif" alt="" /></a></td>
<td><a id="TC_org.example.junit5.AdminTest.testInvalidPassword"></a><a href="#org.example.junit5.AdminTest.testInvalidPassword">testInvalidPassword</a>
<div class="detailToggle" style="display:inline"><a href="javascript:toggleDisplay('org.example.junit5.AdminTest.testInvalidPassword');"><span style="display:inline;" id="org.example.junit5.AdminTest.testInvalidPassword-off"> + </span><span style="display:none;" id="org.example.junit5.AdminTest.testInvalidPassword-on"> - </span>[ Detail ]</a></div></td>
<td>0.002 s</td></tr>
<tr class="a">
<td align="left">-</td>
<td>expected: &lt;true&gt; but was: &lt;false&gt;</td>
<td>-</td></tr>
<tr class="b" id="org.example.junit5.AdminTest.testInvalidPassword-failure" style="display:none;">
<td align="left">-</td>
<td>
<div class="source">
<pre>org.opentest4j.AssertionFailedError: expected: &lt;true&gt; but was: &lt;false&gt;
	at org.junit.jupiter.api.AssertionFailureBuilder.build(AssertionFailureBuilder.java:151)
	at org.junit.jupiter.api.AssertionFailureBuilder.buildAndThrow(AssertionFailureBuilder.java:132)
	at org.junit.jupiter.api.AssertTrue.failNotTrue(AssertTrue.java:63)
	at org.junit.jupiter.api.AssertTrue.assertTrue(AssertTrue.java:36)
	at org.junit.jupiter.api.AssertTrue.assertTrue(AssertTrue.java:31)
	at org.junit.jupiter.api.Assertions.assertTrue(Assertions.java:179)
	at org.example.junit5.AdminTest.testInvalidPassword(AdminTest.java:50)
	at java.base/java.lang.reflect.Method.invoke(Method.java:580)
	at java.base/java.util.ArrayList.forEach(ArrayList.java:1596)
	at java.base/java.util.ArrayList.forEach(ArrayList.java:1596)
</pre></div></td>
<td>-</td></tr>
<tr class="a">
<td align="left"><img src="images/icon_success_sml.gif" alt="" /></td>
<td><a id="TC_org.example.junit5.AdminTest.testAdminSalaryUpdateWithNegativeValue"></a>testAdminSalaryUpdateWithNegativeValue</td>
<td>0.001 s</td></tr>
<tr class="b">
<td align="left"><a href="#org.example.junit5.AdminTest.testAdminBonusCalculationWithHighYears"><img src="images/icon_error_sml.gif" alt="" /></a></td>
<td><a id="TC_org.example.junit5.AdminTest.testAdminBonusCalculationWithHighYears"></a><a href="#org.example.junit5.AdminTest.testAdminBonusCalculationWithHighYears">testAdminBonusCalculationWithHighYears</a>
<div class="detailToggle" style="display:inline"><a href="javascript:toggleDisplay('org.example.junit5.AdminTest.testAdminBonusCalculationWithHighYears');"><span style="display:inline;" id="org.example.junit5.AdminTest.testAdminBonusCalculationWithHighYears-off"> + </span><span style="display:none;" id="org.example.junit5.AdminTest.testAdminBonusCalculationWithHighYears-on"> - </span>[ Detail ]</a></div></td>
<td>0.002 s</td></tr>
<tr class="a">
<td align="left">-</td>
<td>Bonus should be 5000 for 50 years with 10% of salary ==&gt; expected: &lt;5000.0&gt; but was: &lt;0.0&gt;</td>
<td>-</td></tr>
<tr class="b" id="org.example.junit5.AdminTest.testAdminBonusCalculationWithHighYears-failure" style="display:none;">
<td align="left">-</td>
<td>
<div class="source">
<pre>org.opentest4j.AssertionFailedError: Bonus should be 5000 for 50 years with 10% of salary ==&gt; expected: &lt;5000.0&gt; but was: &lt;0.0&gt;
	at org.junit.jupiter.api.AssertionFailureBuilder.build(AssertionFailureBuilder.java:151)
	at org.junit.jupiter.api.AssertionFailureBuilder.buildAndThrow(AssertionFailureBuilder.java:132)
	at org.junit.jupiter.api.AssertEquals.failNotEqual(AssertEquals.java:197)
	at org.junit.jupiter.api.AssertEquals.assertEquals(AssertEquals.java:70)
	at org.junit.jupiter.api.Assertions.assertEquals(Assertions.java:925)
	at org.example.junit5.AdminTest.testAdminBonusCalculationWithHighYears(AdminTest.java:127)
	at java.base/java.lang.reflect.Method.invoke(Method.java:580)
	at java.base/java.util.ArrayList.forEach(ArrayList.java:1596)
	at java.base/java.util.ArrayList.forEach(ArrayList.java:1596)
</pre></div></td>
<td>-</td></tr>
<tr class="a">
<td align="left"><img src="images/icon_success_sml.gif" alt="" /></td>
<td><a id="TC_org.example.junit5.AdminTest.testAdminBalanceUpdateWithNegativeValue"></a>testAdminBalanceUpdateWithNegativeValue</td>
<td>0.001 s</td></tr>
<tr class="b">
<td align="left"><img src="images/icon_success_sml.gif" alt="" /></td>
<td><a id="TC_org.example.junit5.AdminTest.testAdminRoleUpdateWithEmptyValue"></a>testAdminRoleUpdateWithEmptyValue</td>
<td>0.002 s</td></tr>
<tr class="a">
<td align="left"><img src="images/icon_success_sml.gif" alt="" /></td>
<td><a id="TC_org.example.junit5.AdminTest.testAdminLoginWithCorrectPassword"></a>testAdminLoginWithCorrectPassword</td>
<td>0 s</td></tr>
<tr class="b">
<td align="left"><img src="images/icon_success_sml.gif" alt="" /></td>
<td><a id="TC_org.example.junit5.AdminTest.testAdminLoginWithIncorrectPassword"></a>testAdminLoginWithIncorrectPassword</td>
<td>0.001 s</td></tr>
<tr class="a">
<td align="left"><img src="images/icon_success_sml.gif" alt="" /></td>
<td><a id="TC_org.example.junit5.AdminTest.testAdminBonusCalculationWithZeroYears"></a>testAdminBonusCalculationWithZeroYears</td>
<td>0 s</td></tr>
<tr class="b">
<td align="left"><img src="images/icon_success_sml.gif" alt="" /></td>
<td><a id="TC_org.example.junit5.AdminTest.testAdminWithDuplicateAccountNumber"></a>testAdminWithDuplicateAccountNumber</td>
<td>0.001 s</td></tr>
<tr class="a">
<td align="left"><img src="images/icon_success_sml.gif" alt="" /></td>
<td><a id="TC_org.example.junit5.AdminTest.testInvalidAccountNumber"></a>testInvalidAccountNumber</td>
<td>0.001 s</td></tr>
<tr class="b">
<td align="left"><a href="#org.example.junit5.AdminTest.testAdminBonusCalculationWithPositiveYears"><img src="images/icon_error_sml.gif" alt="" /></a></td>
<td><a id="TC_org.example.junit5.AdminTest.testAdminBonusCalculationWithPositiveYears"></a><a href="#org.example.junit5.AdminTest.testAdminBonusCalculationWithPositiveYears">testAdminBonusCalculationWithPositiveYears</a>
<div class="detailToggle" style="display:inline"><a href="javascript:toggleDisplay('org.example.junit5.AdminTest.testAdminBonusCalculationWithPositiveYears');"><span style="display:inline;" id="org.example.junit5.AdminTest.testAdminBonusCalculationWithPositiveYears-off"> + </span><span style="display:none;" id="org.example.junit5.AdminTest.testAdminBonusCalculationWithPositiveYears-on"> - </span>[ Detail ]</a></div></td>
<td>0.001 s</td></tr>
<tr class="a">
<td align="left">-</td>
<td>Bonus should be 500 for 5 years with 10% of salary ==&gt; expected: &lt;500.0&gt; but was: &lt;0.0&gt;</td>
<td>-</td></tr>
<tr class="b" id="org.example.junit5.AdminTest.testAdminBonusCalculationWithPositiveYears-failure" style="display:none;">
<td align="left">-</td>
<td>
<div class="source">
<pre>org.opentest4j.AssertionFailedError: Bonus should be 500 for 5 years with 10% of salary ==&gt; expected: &lt;500.0&gt; but was: &lt;0.0&gt;
	at org.junit.jupiter.api.AssertionFailureBuilder.build(AssertionFailureBuilder.java:151)
	at org.junit.jupiter.api.AssertionFailureBuilder.buildAndThrow(AssertionFailureBuilder.java:132)
	at org.junit.jupiter.api.AssertEquals.failNotEqual(AssertEquals.java:197)
	at org.junit.jupiter.api.AssertEquals.assertEquals(AssertEquals.java:70)
	at org.junit.jupiter.api.Assertions.assertEquals(Assertions.java:925)
	at org.example.junit5.AdminTest.testAdminBonusCalculationWithPositiveYears(AdminTest.java:120)
	at java.base/java.lang.reflect.Method.invoke(Method.java:580)
	at java.base/java.util.ArrayList.forEach(ArrayList.java:1596)
	at java.base/java.util.ArrayList.forEach(ArrayList.java:1596)
</pre></div></td>
<td>-</td></tr>
<tr class="a">
<td align="left"><img src="images/icon_success_sml.gif" alt="" /></td>
<td><a id="TC_org.example.junit5.AdminTest.testAdminListIsImmutable"></a>testAdminListIsImmutable</td>
<td>0.001 s</td></tr>
<tr class="b">
<td align="left"><a href="#org.example.junit5.AdminTest.testAdminToStringIncludesAllDetails"><img src="images/icon_error_sml.gif" alt="" /></a></td>
<td><a id="TC_org.example.junit5.AdminTest.testAdminToStringIncludesAllDetails"></a><a href="#org.example.junit5.AdminTest.testAdminToStringIncludesAllDetails">testAdminToStringIncludesAllDetails</a>
<div class="detailToggle" style="display:inline"><a href="javascript:toggleDisplay('org.example.junit5.AdminTest.testAdminToStringIncludesAllDetails');"><span style="display:inline;" id="org.example.junit5.AdminTest.testAdminToStringIncludesAllDetails-off"> + </span><span style="display:none;" id="org.example.junit5.AdminTest.testAdminToStringIncludesAllDetails-on"> - </span>[ Detail ]</a></div></td>
<td>0.013 s</td></tr>
<tr class="a">
<td align="left">-</td>
<td>expected: &lt;true&gt; but was: &lt;false&gt;</td>
<td>-</td></tr>
<tr class="b" id="org.example.junit5.AdminTest.testAdminToStringIncludesAllDetails-failure" style="display:none;">
<td align="left">-</td>
<td>
<div class="source">
<pre>org.opentest4j.AssertionFailedError: expected: &lt;true&gt; but was: &lt;false&gt;
	at org.junit.jupiter.api.AssertionFailureBuilder.build(AssertionFailureBuilder.java:151)
	at org.junit.jupiter.api.AssertionFailureBuilder.buildAndThrow(AssertionFailureBuilder.java:132)
	at org.junit.jupiter.api.AssertTrue.failNotTrue(AssertTrue.java:63)
	at org.junit.jupiter.api.AssertTrue.assertTrue(AssertTrue.java:36)
	at org.junit.jupiter.api.AssertTrue.assertTrue(AssertTrue.java:31)
	at org.junit.jupiter.api.Assertions.assertTrue(Assertions.java:179)
	at org.example.junit5.AdminTest.testAdminToStringIncludesAllDetails(AdminTest.java:135)
	at java.base/java.lang.reflect.Method.invoke(Method.java:580)
	at java.base/java.util.ArrayList.forEach(ArrayList.java:1596)
	at java.base/java.util.ArrayList.forEach(ArrayList.java:1596)
</pre></div></td>
<td>-</td></tr>
<tr class="a">
<td align="left"><a href="#org.example.junit5.AdminTest.testAdminCreationWithNullRole"><img src="images/icon_error_sml.gif" alt="" /></a></td>
<td><a id="TC_org.example.junit5.AdminTest.testAdminCreationWithNullRole"></a><a href="#org.example.junit5.AdminTest.testAdminCreationWithNullRole">testAdminCreationWithNullRole</a>
<div class="detailToggle" style="display:inline"><a href="javascript:toggleDisplay('org.example.junit5.AdminTest.testAdminCreationWithNullRole');"><span style="display:inline;" id="org.example.junit5.AdminTest.testAdminCreationWithNullRole-off"> + </span><span style="display:none;" id="org.example.junit5.AdminTest.testAdminCreationWithNullRole-on"> - </span>[ Detail ]</a></div></td>
<td>0.002 s</td></tr>
<tr class="b">
<td align="left">-</td>
<td>Unexpected exception type thrown, expected: &lt;java.lang.NullPointerException&gt; but was: &lt;java.lang.IllegalArgumentException&gt;</td>
<td>-</td></tr>
<tr class="a" id="org.example.junit5.AdminTest.testAdminCreationWithNullRole-failure" style="display:none;">
<td align="left">-</td>
<td>
<div class="source">
<pre>org.opentest4j.AssertionFailedError: Unexpected exception type thrown, expected: &lt;java.lang.NullPointerException&gt; but was: &lt;java.lang.IllegalArgumentException&gt;
	at org.junit.jupiter.api.AssertionFailureBuilder.build(AssertionFailureBuilder.java:151)
	at org.junit.jupiter.api.AssertThrows.assertThrows(AssertThrows.java:67)
	at org.junit.jupiter.api.AssertThrows.assertThrows(AssertThrows.java:35)
	at org.junit.jupiter.api.Assertions.assertThrows(Assertions.java:3111)
	at org.example.junit5.AdminTest.testAdminCreationWithNullRole(AdminTest.java:104)
	at java.base/java.lang.reflect.Method.invoke(Method.java:580)
	at java.base/java.util.ArrayList.forEach(ArrayList.java:1596)
	at java.base/java.util.ArrayList.forEach(ArrayList.java:1596)
Caused by: java.lang.IllegalArgumentException: Role cannot be empty
	at org.example.Admin.&lt;init&gt;(Admin.java:32)
	at org.example.junit5.AdminTest.lambda$testAdminCreationWithNullRole$2(AdminTest.java:105)
	at org.junit.jupiter.api.AssertThrows.assertThrows(AssertThrows.java:53)
	... 6 more
</pre></div></td>
<td>-</td></tr></table></section><section><a id="org.example.junit5.ClientTest"></a>
<h3><a name="ClientTest"></a>ClientTest</h3>
<table border="0" class="bodyTable">
<tr class="a">
<td align="left"><img src="images/icon_success_sml.gif" alt="" /></td>
<td><a id="TC_org.example.junit5.ClientTest.testClientCreationWithValidAccountNumber"></a>testClientCreationWithValidAccountNumber</td>
<td>0.005 s</td></tr>
<tr class="b">
<td align="left"><img src="images/icon_success_sml.gif" alt="" /></td>
<td><a id="TC_org.example.junit5.ClientTest.testAccountNumberUniqueness"></a>testAccountNumberUniqueness</td>
<td>0.001 s</td></tr>
<tr class="a">
<td align="left"><img src="images/icon_success_sml.gif" alt="" /></td>
<td><a id="TC_org.example.junit5.ClientTest.testClientLoginWithIncorrectUsername"></a>testClientLoginWithIncorrectUsername</td>
<td>0.001 s</td></tr>
<tr class="b">
<td align="left"><img src="images/icon_success_sml.gif" alt="" /></td>
<td><a id="TC_org.example.junit5.ClientTest.testClientPhoneNumberUpdate"></a>testClientPhoneNumberUpdate</td>
<td>0.002 s</td></tr>
<tr class="a">
<td align="left"><img src="images/icon_success_sml.gif" alt="" /></td>
<td><a id="TC_org.example.junit5.ClientTest.testClientBalanceUpdateWithNegativeValue"></a>testClientBalanceUpdateWithNegativeValue</td>
<td>0.002 s</td></tr>
<tr class="b">
<td align="left"><a href="#org.example.junit5.ClientTest.testClientCreationWithInvalidPhoneNumber"><img src="images/icon_error_sml.gif" alt="" /></a></td>
<td><a id="TC_org.example.junit5.ClientTest.testClientCreationWithInvalidPhoneNumber"></a><a href="#org.example.junit5.ClientTest.testClientCreationWithInvalidPhoneNumber">testClientCreationWithInvalidPhoneNumber</a>
<div class="detailToggle" style="display:inline"><a href="javascript:toggleDisplay('org.example.junit5.ClientTest.testClientCreationWithInvalidPhoneNumber');"><span style="display:inline;" id="org.example.junit5.ClientTest.testClientCreationWithInvalidPhoneNumber-off"> + </span><span style="display:none;" id="org.example.junit5.ClientTest.testClientCreationWithInvalidPhoneNumber-on"> - </span>[ Detail ]</a></div></td>
<td>0.002 s</td></tr>
<tr class="a">
<td align="left">-</td>
<td>Expected java.lang.IllegalArgumentException to be thrown, but nothing was thrown.</td>
<td>-</td></tr>
<tr class="b" id="org.example.junit5.ClientTest.testClientCreationWithInvalidPhoneNumber-failure" style="display:none;">
<td align="left">-</td>
<td>
<div class="source">
<pre>org.opentest4j.AssertionFailedError: Expected java.lang.IllegalArgumentException to be thrown, but nothing was thrown.
	at org.junit.jupiter.api.AssertionFailureBuilder.build(AssertionFailureBuilder.java:152)
	at org.junit.jupiter.api.AssertThrows.assertThrows(AssertThrows.java:73)
	at org.junit.jupiter.api.AssertThrows.assertThrows(AssertThrows.java:35)
	at org.junit.jupiter.api.Assertions.assertThrows(Assertions.java:3111)
	at org.example.junit5.ClientTest.testClientCreationWithInvalidPhoneNumber(ClientTest.java:124)
	at java.base/java.lang.reflect.Method.invoke(Method.java:580)
	at java.base/java.util.ArrayList.forEach(ArrayList.java:1596)
	at java.base/java.util.ArrayList.forEach(ArrayList.java:1596)
</pre></div></td>
<td>-</td></tr>
<tr class="a">
<td align="left"><img src="images/icon_success_sml.gif" alt="" /></td>
<td><a id="TC_org.example.junit5.ClientTest.testClientEquality"></a>testClientEquality</td>
<td>0.002 s</td></tr>
<tr class="b">
<td align="left"><img src="images/icon_success_sml.gif" alt="" /></td>
<td><a id="TC_org.example.junit5.ClientTest.testClientCreationWithEmptyName"></a>testClientCreationWithEmptyName</td>
<td>0.002 s</td></tr>
<tr class="a">
<td align="left"><img src="images/icon_success_sml.gif" alt="" /></td>
<td><a id="TC_org.example.junit5.ClientTest.testClientInequality"></a>testClientInequality</td>
<td>0.001 s</td></tr>
<tr class="b">
<td align="left"><a href="#org.example.junit5.ClientTest.testClientToStringIncludesDetails"><img src="images/icon_error_sml.gif" alt="" /></a></td>
<td><a id="TC_org.example.junit5.ClientTest.testClientToStringIncludesDetails"></a><a href="#org.example.junit5.ClientTest.testClientToStringIncludesDetails">testClientToStringIncludesDetails</a>
<div class="detailToggle" style="display:inline"><a href="javascript:toggleDisplay('org.example.junit5.ClientTest.testClientToStringIncludesDetails');"><span style="display:inline;" id="org.example.junit5.ClientTest.testClientToStringIncludesDetails-off"> + </span><span style="display:none;" id="org.example.junit5.ClientTest.testClientToStringIncludesDetails-on"> - </span>[ Detail ]</a></div></td>
<td>0.007 s</td></tr>
<tr class="a">
<td align="left">-</td>
<td>expected: &lt;true&gt; but was: &lt;false&gt;</td>
<td>-</td></tr>
<tr class="b" id="org.example.junit5.ClientTest.testClientToStringIncludesDetails-failure" style="display:none;">
<td align="left">-</td>
<td>
<div class="source">
<pre>org.opentest4j.AssertionFailedError: expected: &lt;true&gt; but was: &lt;false&gt;
	at org.junit.jupiter.api.AssertionFailureBuilder.build(AssertionFailureBuilder.java:151)
	at org.junit.jupiter.api.AssertionFailureBuilder.buildAndThrow(AssertionFailureBuilder.java:132)
	at org.junit.jupiter.api.AssertTrue.failNotTrue(AssertTrue.java:63)
	at org.junit.jupiter.api.AssertTrue.assertTrue(AssertTrue.java:36)
	at org.junit.jupiter.api.AssertTrue.assertTrue(AssertTrue.java:31)
	at org.junit.jupiter.api.Assertions.assertTrue(Assertions.java:179)
	at org.example.junit5.ClientTest.testClientToStringIncludesDetails(ClientTest.java:206)
	at java.base/java.lang.reflect.Method.invoke(Method.java:580)
	at java.base/java.util.ArrayList.forEach(ArrayList.java:1596)
	at java.base/java.util.ArrayList.forEach(ArrayList.java:1596)
</pre></div></td>
<td>-</td></tr>
<tr class="a">
<td align="left"><img src="images/icon_success_sml.gif" alt="" /></td>
<td><a id="TC_org.example.junit5.ClientTest.testClientLoginWithIncorrectPassword"></a>testClientLoginWithIncorrectPassword</td>
<td>0.001 s</td></tr>
<tr class="b">
<td align="left"><a href="#org.example.junit5.ClientTest.testClientPhoneNumberUpdateWithInvalidValue"><img src="images/icon_error_sml.gif" alt="" /></a></td>
<td><a id="TC_org.example.junit5.ClientTest.testClientPhoneNumberUpdateWithInvalidValue"></a><a href="#org.example.junit5.ClientTest.testClientPhoneNumberUpdateWithInvalidValue">testClientPhoneNumberUpdateWithInvalidValue</a>
<div class="detailToggle" style="display:inline"><a href="javascript:toggleDisplay('org.example.junit5.ClientTest.testClientPhoneNumberUpdateWithInvalidValue');"><span style="display:inline;" id="org.example.junit5.ClientTest.testClientPhoneNumberUpdateWithInvalidValue-off"> + </span><span style="display:none;" id="org.example.junit5.ClientTest.testClientPhoneNumberUpdateWithInvalidValue-on"> - </span>[ Detail ]</a></div></td>
<td>0.001 s</td></tr>
<tr class="a">
<td align="left">-</td>
<td>Expected java.lang.IllegalArgumentException to be thrown, but nothing was thrown.</td>
<td>-</td></tr>
<tr class="b" id="org.example.junit5.ClientTest.testClientPhoneNumberUpdateWithInvalidValue-failure" style="display:none;">
<td align="left">-</td>
<td>
<div class="source">
<pre>org.opentest4j.AssertionFailedError: Expected java.lang.IllegalArgumentException to be thrown, but nothing was thrown.
	at org.junit.jupiter.api.AssertionFailureBuilder.build(AssertionFailureBuilder.java:152)
	at org.junit.jupiter.api.AssertThrows.assertThrows(AssertThrows.java:73)
	at org.junit.jupiter.api.AssertThrows.assertThrows(AssertThrows.java:35)
	at org.junit.jupiter.api.Assertions.assertThrows(Assertions.java:3111)
	at org.example.junit5.ClientTest.testClientPhoneNumberUpdateWithInvalidValue(ClientTest.java:166)
	at java.base/java.lang.reflect.Method.invoke(Method.java:580)
	at java.base/java.util.ArrayList.forEach(ArrayList.java:1596)
	at java.base/java.util.ArrayList.forEach(ArrayList.java:1596)
</pre></div></td>
<td>-</td></tr>
<tr class="a">
<td align="left"><a href="#org.example.junit5.ClientTest.testClientCreation"><img src="images/icon_error_sml.gif" alt="" /></a></td>
<td><a id="TC_org.example.junit5.ClientTest.testClientCreation"></a><a href="#org.example.junit5.ClientTest.testClientCreation">testClientCreation</a>
<div class="detailToggle" style="display:inline"><a href="javascript:toggleDisplay('org.example.junit5.ClientTest.testClientCreation');"><span style="display:inline;" id="org.example.junit5.ClientTest.testClientCreation-off"> + </span><span style="display:none;" id="org.example.junit5.ClientTest.testClientCreation-on"> - </span>[ Detail ]</a></div></td>
<td>0.002 s</td></tr>
<tr class="b">
<td align="left">-</td>
<td>expected: &lt;5551234&gt; but was: &lt;null&gt;</td>
<td>-</td></tr>
<tr class="a" id="org.example.junit5.ClientTest.testClientCreation-failure" style="display:none;">
<td align="left">-</td>
<td>
<div class="source">
<pre>org.opentest4j.AssertionFailedError: expected: &lt;5551234&gt; but was: &lt;null&gt;
	at org.junit.jupiter.api.AssertionFailureBuilder.build(AssertionFailureBuilder.java:151)
	at org.junit.jupiter.api.AssertionFailureBuilder.buildAndThrow(AssertionFailureBuilder.java:132)
	at org.junit.jupiter.api.AssertEquals.failNotEqual(AssertEquals.java:197)
	at org.junit.jupiter.api.AssertEquals.assertEquals(AssertEquals.java:182)
	at org.junit.jupiter.api.AssertEquals.assertEquals(AssertEquals.java:177)
	at org.junit.jupiter.api.Assertions.assertEquals(Assertions.java:1141)
	at org.example.junit5.ClientTest.testClientCreation(ClientTest.java:35)
	at java.base/java.lang.reflect.Method.invoke(Method.java:580)
	at java.base/java.util.ArrayList.forEach(ArrayList.java:1596)
	at java.base/java.util.ArrayList.forEach(ArrayList.java:1596)
</pre></div></td>
<td>-</td></tr>
<tr class="b">
<td align="left"><img src="images/icon_success_sml.gif" alt="" /></td>
<td><a id="TC_org.example.junit5.ClientTest.testClientBalanceUpdate"></a>testClientBalanceUpdate</td>
<td>0.001 s</td></tr>
<tr class="a">
<td align="left"><a href="#org.example.junit5.ClientTest.testClientCreationWithShortPassword"><img src="images/icon_error_sml.gif" alt="" /></a></td>
<td><a id="TC_org.example.junit5.ClientTest.testClientCreationWithShortPassword"></a><a href="#org.example.junit5.ClientTest.testClientCreationWithShortPassword">testClientCreationWithShortPassword</a>
<div class="detailToggle" style="display:inline"><a href="javascript:toggleDisplay('org.example.junit5.ClientTest.testClientCreationWithShortPassword');"><span style="display:inline;" id="org.example.junit5.ClientTest.testClientCreationWithShortPassword-off"> + </span><span style="display:none;" id="org.example.junit5.ClientTest.testClientCreationWithShortPassword-on"> - </span>[ Detail ]</a></div></td>
<td>0.001 s</td></tr>
<tr class="b">
<td align="left">-</td>
<td>expected: &lt;false&gt; but was: &lt;true&gt;</td>
<td>-</td></tr>
<tr class="a" id="org.example.junit5.ClientTest.testClientCreationWithShortPassword-failure" style="display:none;">
<td align="left">-</td>
<td>
<div class="source">
<pre>org.opentest4j.AssertionFailedError: expected: &lt;false&gt; but was: &lt;true&gt;
	at org.junit.jupiter.api.AssertionFailureBuilder.build(AssertionFailureBuilder.java:151)
	at org.junit.jupiter.api.AssertionFailureBuilder.buildAndThrow(AssertionFailureBuilder.java:132)
	at org.junit.jupiter.api.AssertFalse.failNotFalse(AssertFalse.java:63)
	at org.junit.jupiter.api.AssertFalse.assertFalse(AssertFalse.java:36)
	at org.junit.jupiter.api.AssertFalse.assertFalse(AssertFalse.java:31)
	at org.junit.jupiter.api.Assertions.assertFalse(Assertions.java:227)
	at org.example.junit5.ClientTest.testClientCreationWithShortPassword(ClientTest.java:84)
	at java.base/java.lang.reflect.Method.invoke(Method.java:580)
	at java.base/java.util.ArrayList.forEach(ArrayList.java:1596)
	at java.base/java.util.ArrayList.forEach(ArrayList.java:1596)
</pre></div></td>
<td>-</td></tr>
<tr class="b">
<td align="left"><a href="#org.example.junit5.ClientTest.testClientCreationWithInvalidBalance"><img src="images/icon_error_sml.gif" alt="" /></a></td>
<td><a id="TC_org.example.junit5.ClientTest.testClientCreationWithInvalidBalance"></a><a href="#org.example.junit5.ClientTest.testClientCreationWithInvalidBalance">testClientCreationWithInvalidBalance</a>
<div class="detailToggle" style="display:inline"><a href="javascript:toggleDisplay('org.example.junit5.ClientTest.testClientCreationWithInvalidBalance');"><span style="display:inline;" id="org.example.junit5.ClientTest.testClientCreationWithInvalidBalance-off"> + </span><span style="display:none;" id="org.example.junit5.ClientTest.testClientCreationWithInvalidBalance-on"> - </span>[ Detail ]</a></div></td>
<td>0.002 s</td></tr>
<tr class="a">
<td align="left">-</td>
<td>expected: &lt;false&gt; but was: &lt;true&gt;</td>
<td>-</td></tr>
<tr class="b" id="org.example.junit5.ClientTest.testClientCreationWithInvalidBalance-failure" style="display:none;">
<td align="left">-</td>
<td>
<div class="source">
<pre>org.opentest4j.AssertionFailedError: expected: &lt;false&gt; but was: &lt;true&gt;
	at org.junit.jupiter.api.AssertionFailureBuilder.build(AssertionFailureBuilder.java:151)
	at org.junit.jupiter.api.AssertionFailureBuilder.buildAndThrow(AssertionFailureBuilder.java:132)
	at org.junit.jupiter.api.AssertFalse.failNotFalse(AssertFalse.java:63)
	at org.junit.jupiter.api.AssertFalse.assertFalse(AssertFalse.java:36)
	at org.junit.jupiter.api.AssertFalse.assertFalse(AssertFalse.java:31)
	at org.junit.jupiter.api.Assertions.assertFalse(Assertions.java:227)
	at org.example.junit5.ClientTest.testClientCreationWithInvalidBalance(ClientTest.java:76)
	at java.base/java.lang.reflect.Method.invoke(Method.java:580)
	at java.base/java.util.ArrayList.forEach(ArrayList.java:1596)
	at java.base/java.util.ArrayList.forEach(ArrayList.java:1596)
</pre></div></td>
<td>-</td></tr>
<tr class="a">
<td align="left"><img src="images/icon_success_sml.gif" alt="" /></td>
<td><a id="TC_org.example.junit5.ClientTest.testClientJobUpdate"></a>testClientJobUpdate</td>
<td>0.001 s</td></tr>
<tr class="b">
<td align="left"><img src="images/icon_success_sml.gif" alt="" /></td>
<td><a id="TC_org.example.junit5.ClientTest.testClientLoginSuccess"></a>testClientLoginSuccess</td>
<td>0.001 s</td></tr>
<tr class="a">
<td align="left"><a href="#org.example.junit5.ClientTest.testClientJobUpdateWithEmptyValue"><img src="images/icon_error_sml.gif" alt="" /></a></td>
<td><a id="TC_org.example.junit5.ClientTest.testClientJobUpdateWithEmptyValue"></a><a href="#org.example.junit5.ClientTest.testClientJobUpdateWithEmptyValue">testClientJobUpdateWithEmptyValue</a>
<div class="detailToggle" style="display:inline"><a href="javascript:toggleDisplay('org.example.junit5.ClientTest.testClientJobUpdateWithEmptyValue');"><span style="display:inline;" id="org.example.junit5.ClientTest.testClientJobUpdateWithEmptyValue-off"> + </span><span style="display:none;" id="org.example.junit5.ClientTest.testClientJobUpdateWithEmptyValue-on"> - </span>[ Detail ]</a></div></td>
<td>0.002 s</td></tr>
<tr class="b">
<td align="left">-</td>
<td>Expected java.lang.IllegalArgumentException to be thrown, but nothing was thrown.</td>
<td>-</td></tr>
<tr class="a" id="org.example.junit5.ClientTest.testClientJobUpdateWithEmptyValue-failure" style="display:none;">
<td align="left">-</td>
<td>
<div class="source">
<pre>org.opentest4j.AssertionFailedError: Expected java.lang.IllegalArgumentException to be thrown, but nothing was thrown.
	at org.junit.jupiter.api.AssertionFailureBuilder.build(AssertionFailureBuilder.java:152)
	at org.junit.jupiter.api.AssertThrows.assertThrows(AssertThrows.java:73)
	at org.junit.jupiter.api.AssertThrows.assertThrows(AssertThrows.java:35)
	at org.junit.jupiter.api.Assertions.assertThrows(Assertions.java:3111)
	at org.example.junit5.ClientTest.testClientJobUpdateWithEmptyValue(ClientTest.java:181)
	at java.base/java.lang.reflect.Method.invoke(Method.java:580)
	at java.base/java.util.ArrayList.forEach(ArrayList.java:1596)
	at java.base/java.util.ArrayList.forEach(ArrayList.java:1596)
</pre></div></td>
<td>-</td></tr>
<tr class="b">
<td align="left"><img src="images/icon_success_sml.gif" alt="" /></td>
<td><a id="TC_org.example.junit5.ClientTest.testClientListIsImmutable"></a>testClientListIsImmutable</td>
<td>0.002 s</td></tr>
<tr class="a">
<td align="left"><img src="images/icon_success_sml.gif" alt="" /></td>
<td><a id="TC_org.example.junit5.ClientTest.testClientCreationWithNegativeBalance"></a>testClientCreationWithNegativeBalance</td>
<td>0.002 s</td></tr>
<tr class="b">
<td align="left"><a href="#org.example.junit5.ClientTest.testClientCreationWithInvalidAccountNumber"><img src="images/icon_error_sml.gif" alt="" /></a></td>
<td><a id="TC_org.example.junit5.ClientTest.testClientCreationWithInvalidAccountNumber"></a><a href="#org.example.junit5.ClientTest.testClientCreationWithInvalidAccountNumber">testClientCreationWithInvalidAccountNumber</a>
<div class="detailToggle" style="display:inline"><a href="javascript:toggleDisplay('org.example.junit5.ClientTest.testClientCreationWithInvalidAccountNumber');"><span style="display:inline;" id="org.example.junit5.ClientTest.testClientCreationWithInvalidAccountNumber-off"> + </span><span style="display:none;" id="org.example.junit5.ClientTest.testClientCreationWithInvalidAccountNumber-on"> - </span>[ Detail ]</a></div></td>
<td>0.002 s</td></tr>
<tr class="a">
<td align="left">-</td>
<td>expected: &lt;false&gt; but was: &lt;true&gt;</td>
<td>-</td></tr>
<tr class="b" id="org.example.junit5.ClientTest.testClientCreationWithInvalidAccountNumber-failure" style="display:none;">
<td align="left">-</td>
<td>
<div class="source">
<pre>org.opentest4j.AssertionFailedError: expected: &lt;false&gt; but was: &lt;true&gt;
	at org.junit.jupiter.api.AssertionFailureBuilder.build(AssertionFailureBuilder.java:151)
	at org.junit.jupiter.api.AssertionFailureBuilder.buildAndThrow(AssertionFailureBuilder.java:132)
	at org.junit.jupiter.api.AssertFalse.failNotFalse(AssertFalse.java:63)
	at org.junit.jupiter.api.AssertFalse.assertFalse(AssertFalse.java:36)
	at org.junit.jupiter.api.AssertFalse.assertFalse(AssertFalse.java:31)
	at org.junit.jupiter.api.Assertions.assertFalse(Assertions.java:227)
	at org.example.junit5.ClientTest.testClientCreationWithInvalidAccountNumber(ClientTest.java:68)
	at java.base/java.lang.reflect.Method.invoke(Method.java:580)
	at java.base/java.util.ArrayList.forEach(ArrayList.java:1596)
	at java.base/java.util.ArrayList.forEach(ArrayList.java:1596)
</pre></div></td>
<td>-</td></tr>
<tr class="a">
<td align="left"><img src="images/icon_success_sml.gif" alt="" /></td>
<td><a id="TC_org.example.junit5.ClientTest.testClientLoginFailure"></a>testClientLoginFailure</td>
<td>0.001 s</td></tr>
<tr class="b">
<td align="left"><a href="#org.example.junit5.ClientTest.testLoanRequestWithHighAmount"><img src="images/icon_error_sml.gif" alt="" /></a></td>
<td><a id="TC_org.example.junit5.ClientTest.testLoanRequestWithHighAmount"></a><a href="#org.example.junit5.ClientTest.testLoanRequestWithHighAmount">testLoanRequestWithHighAmount</a>
<div class="detailToggle" style="display:inline"><a href="javascript:toggleDisplay('org.example.junit5.ClientTest.testLoanRequestWithHighAmount');"><span style="display:inline;" id="org.example.junit5.ClientTest.testLoanRequestWithHighAmount-off"> + </span><span style="display:none;" id="org.example.junit5.ClientTest.testLoanRequestWithHighAmount-on"> - </span>[ Detail ]</a></div></td>
<td>0.005 s</td></tr>
<tr class="a">
<td align="left">-</td>
<td>Loan should be rejected if the amount is too high ==&gt; expected: &lt;false&gt; but was: &lt;true&gt;</td>
<td>-</td></tr>
<tr class="b" id="org.example.junit5.ClientTest.testLoanRequestWithHighAmount-failure" style="display:none;">
<td align="left">-</td>
<td>
<div class="source">
<pre>org.opentest4j.AssertionFailedError: Loan should be rejected if the amount is too high ==&gt; expected: &lt;false&gt; but was: &lt;true&gt;
	at org.junit.jupiter.api.AssertionFailureBuilder.build(AssertionFailureBuilder.java:151)
	at org.junit.jupiter.api.AssertionFailureBuilder.buildAndThrow(AssertionFailureBuilder.java:132)
	at org.junit.jupiter.api.AssertFalse.failNotFalse(AssertFalse.java:63)
	at org.junit.jupiter.api.AssertFalse.assertFalse(AssertFalse.java:36)
	at org.junit.jupiter.api.Assertions.assertFalse(Assertions.java:235)
	at org.example.junit5.ClientTest.testLoanRequestWithHighAmount(ClientTest.java:104)
	at java.base/java.lang.reflect.Method.invoke(Method.java:580)
	at java.base/java.util.ArrayList.forEach(ArrayList.java:1596)
	at java.base/java.util.ArrayList.forEach(ArrayList.java:1596)
</pre></div></td>
<td>-</td></tr></table></section><section><a id="org.example.junit5.LoanOperationsTest"></a>
<h3><a name="LoanOperationsTest"></a>LoanOperationsTest</h3>
<table border="0" class="bodyTable">
<tr class="a">
<td align="left"><img src="images/icon_success_sml.gif" alt="" /></td>
<td><a id="TC_org.example.junit5.LoanOperationsTest.testLoanApprovalForLowAmount"></a>testLoanApprovalForLowAmount</td>
<td>0.001 s</td></tr>
<tr class="b">
<td align="left"><a href="#org.example.junit5.LoanOperationsTest.testLoanRejectionForZeroTerm"><img src="images/icon_error_sml.gif" alt="" /></a></td>
<td><a id="TC_org.example.junit5.LoanOperationsTest.testLoanRejectionForZeroTerm"></a><a href="#org.example.junit5.LoanOperationsTest.testLoanRejectionForZeroTerm">testLoanRejectionForZeroTerm</a>
<div class="detailToggle" style="display:inline"><a href="javascript:toggleDisplay('org.example.junit5.LoanOperationsTest.testLoanRejectionForZeroTerm');"><span style="display:inline;" id="org.example.junit5.LoanOperationsTest.testLoanRejectionForZeroTerm-off"> + </span><span style="display:none;" id="org.example.junit5.LoanOperationsTest.testLoanRejectionForZeroTerm-on"> - </span>[ Detail ]</a></div></td>
<td>0.002 s</td></tr>
<tr class="a">
<td align="left">-</td>
<td>Expected java.lang.IllegalArgumentException to be thrown, but nothing was thrown.</td>
<td>-</td></tr>
<tr class="b" id="org.example.junit5.LoanOperationsTest.testLoanRejectionForZeroTerm-failure" style="display:none;">
<td align="left">-</td>
<td>
<div class="source">
<pre>org.opentest4j.AssertionFailedError: Expected java.lang.IllegalArgumentException to be thrown, but nothing was thrown.
	at org.junit.jupiter.api.AssertionFailureBuilder.build(AssertionFailureBuilder.java:152)
	at org.junit.jupiter.api.AssertThrows.assertThrows(AssertThrows.java:73)
	at org.junit.jupiter.api.AssertThrows.assertThrows(AssertThrows.java:35)
	at org.junit.jupiter.api.Assertions.assertThrows(Assertions.java:3111)
	at org.example.junit5.LoanOperationsTest.testLoanRejectionForZeroTerm(LoanOperationsTest.java:135)
	at java.base/java.lang.reflect.Method.invoke(Method.java:580)
	at java.base/java.util.ArrayList.forEach(ArrayList.java:1596)
	at java.base/java.util.ArrayList.forEach(ArrayList.java:1596)
</pre></div></td>
<td>-</td></tr>
<tr class="a">
<td align="left"><img src="images/icon_success_sml.gif" alt="" /></td>
<td><a id="TC_org.example.junit5.LoanOperationsTest.testRequestAndRejectLoan"></a>testRequestAndRejectLoan</td>
<td>0.001 s</td></tr>
<tr class="b">
<td align="left"><a href="#org.example.junit5.LoanOperationsTest.testLoanRejectionForNegativeTerm"><img src="images/icon_error_sml.gif" alt="" /></a></td>
<td><a id="TC_org.example.junit5.LoanOperationsTest.testLoanRejectionForNegativeTerm"></a><a href="#org.example.junit5.LoanOperationsTest.testLoanRejectionForNegativeTerm">testLoanRejectionForNegativeTerm</a>
<div class="detailToggle" style="display:inline"><a href="javascript:toggleDisplay('org.example.junit5.LoanOperationsTest.testLoanRejectionForNegativeTerm');"><span style="display:inline;" id="org.example.junit5.LoanOperationsTest.testLoanRejectionForNegativeTerm-off"> + </span><span style="display:none;" id="org.example.junit5.LoanOperationsTest.testLoanRejectionForNegativeTerm-on"> - </span>[ Detail ]</a></div></td>
<td>0.002 s</td></tr>
<tr class="a">
<td align="left">-</td>
<td>Expected java.lang.IllegalArgumentException to be thrown, but nothing was thrown.</td>
<td>-</td></tr>
<tr class="b" id="org.example.junit5.LoanOperationsTest.testLoanRejectionForNegativeTerm-failure" style="display:none;">
<td align="left">-</td>
<td>
<div class="source">
<pre>org.opentest4j.AssertionFailedError: Expected java.lang.IllegalArgumentException to be thrown, but nothing was thrown.
	at org.junit.jupiter.api.AssertionFailureBuilder.build(AssertionFailureBuilder.java:152)
	at org.junit.jupiter.api.AssertThrows.assertThrows(AssertThrows.java:73)
	at org.junit.jupiter.api.AssertThrows.assertThrows(AssertThrows.java:35)
	at org.junit.jupiter.api.Assertions.assertThrows(Assertions.java:3111)
	at org.example.junit5.LoanOperationsTest.testLoanRejectionForNegativeTerm(LoanOperationsTest.java:128)
	at java.base/java.lang.reflect.Method.invoke(Method.java:580)
	at java.base/java.util.ArrayList.forEach(ArrayList.java:1596)
	at java.base/java.util.ArrayList.forEach(ArrayList.java:1596)
</pre></div></td>
<td>-</td></tr>
<tr class="a">
<td align="left"><img src="images/icon_success_sml.gif" alt="" /></td>
<td><a id="TC_org.example.junit5.LoanOperationsTest.testLoanRejectionForExcessiveAmount"></a>testLoanRejectionForExcessiveAmount</td>
<td>0.001 s</td></tr>
<tr class="b">
<td align="left"><a href="#org.example.junit5.LoanOperationsTest.testLoanRejectionForNegativeAmount"><img src="images/icon_error_sml.gif" alt="" /></a></td>
<td><a id="TC_org.example.junit5.LoanOperationsTest.testLoanRejectionForNegativeAmount"></a><a href="#org.example.junit5.LoanOperationsTest.testLoanRejectionForNegativeAmount">testLoanRejectionForNegativeAmount</a>
<div class="detailToggle" style="display:inline"><a href="javascript:toggleDisplay('org.example.junit5.LoanOperationsTest.testLoanRejectionForNegativeAmount');"><span style="display:inline;" id="org.example.junit5.LoanOperationsTest.testLoanRejectionForNegativeAmount-off"> + </span><span style="display:none;" id="org.example.junit5.LoanOperationsTest.testLoanRejectionForNegativeAmount-on"> - </span>[ Detail ]</a></div></td>
<td>0.002 s</td></tr>
<tr class="a">
<td align="left">-</td>
<td>Expected java.lang.IllegalArgumentException to be thrown, but nothing was thrown.</td>
<td>-</td></tr>
<tr class="b" id="org.example.junit5.LoanOperationsTest.testLoanRejectionForNegativeAmount-failure" style="display:none;">
<td align="left">-</td>
<td>
<div class="source">
<pre>org.opentest4j.AssertionFailedError: Expected java.lang.IllegalArgumentException to be thrown, but nothing was thrown.
	at org.junit.jupiter.api.AssertionFailureBuilder.build(AssertionFailureBuilder.java:152)
	at org.junit.jupiter.api.AssertThrows.assertThrows(AssertThrows.java:73)
	at org.junit.jupiter.api.AssertThrows.assertThrows(AssertThrows.java:35)
	at org.junit.jupiter.api.Assertions.assertThrows(Assertions.java:3111)
	at org.example.junit5.LoanOperationsTest.testLoanRejectionForNegativeAmount(LoanOperationsTest.java:94)
	at java.base/java.lang.reflect.Method.invoke(Method.java:580)
	at java.base/java.util.ArrayList.forEach(ArrayList.java:1596)
	at java.base/java.util.ArrayList.forEach(ArrayList.java:1596)
</pre></div></td>
<td>-</td></tr>
<tr class="a">
<td align="left"><img src="images/icon_success_sml.gif" alt="" /></td>
<td><a id="TC_org.example.junit5.LoanOperationsTest.testMonthlyInstallmentCalculation"></a>testMonthlyInstallmentCalculation</td>
<td>0.001 s</td></tr>
<tr class="b">
<td align="left"><a href="#org.example.junit5.LoanOperationsTest.testMonthlyInstallmentCalculationWithInterest"><img src="images/icon_error_sml.gif" alt="" /></a></td>
<td><a id="TC_org.example.junit5.LoanOperationsTest.testMonthlyInstallmentCalculationWithInterest"></a><a href="#org.example.junit5.LoanOperationsTest.testMonthlyInstallmentCalculationWithInterest">testMonthlyInstallmentCalculationWithInterest</a>
<div class="detailToggle" style="display:inline"><a href="javascript:toggleDisplay('org.example.junit5.LoanOperationsTest.testMonthlyInstallmentCalculationWithInterest');"><span style="display:inline;" id="org.example.junit5.LoanOperationsTest.testMonthlyInstallmentCalculationWithInterest-off"> + </span><span style="display:none;" id="org.example.junit5.LoanOperationsTest.testMonthlyInstallmentCalculationWithInterest-on"> - </span>[ Detail ]</a></div></td>
<td>0.002 s</td></tr>
<tr class="a">
<td align="left">-</td>
<td>expected: &lt;8.75&gt; but was: &lt;8.0&gt;</td>
<td>-</td></tr>
<tr class="b" id="org.example.junit5.LoanOperationsTest.testMonthlyInstallmentCalculationWithInterest-failure" style="display:none;">
<td align="left">-</td>
<td>
<div class="source">
<pre>org.opentest4j.AssertionFailedError: expected: &lt;8.75&gt; but was: &lt;8.0&gt;
	at org.junit.jupiter.api.AssertionFailureBuilder.build(AssertionFailureBuilder.java:151)
	at org.junit.jupiter.api.AssertionFailureBuilder.buildAndThrow(AssertionFailureBuilder.java:132)
	at org.junit.jupiter.api.AssertEquals.failNotEqual(AssertEquals.java:197)
	at org.junit.jupiter.api.AssertEquals.assertEquals(AssertEquals.java:86)
	at org.junit.jupiter.api.AssertEquals.assertEquals(AssertEquals.java:81)
	at org.junit.jupiter.api.Assertions.assertEquals(Assertions.java:1010)
	at org.example.junit5.LoanOperationsTest.testMonthlyInstallmentCalculationWithInterest(LoanOperationsTest.java:146)
	at java.base/java.lang.reflect.Method.invoke(Method.java:580)
	at java.base/java.util.ArrayList.forEach(ArrayList.java:1596)
	at java.base/java.util.ArrayList.forEach(ArrayList.java:1596)
</pre></div></td>
<td>-</td></tr>
<tr class="a">
<td align="left"><a href="#org.example.junit5.LoanOperationsTest.testLoanRejectionForZeroAmount"><img src="images/icon_error_sml.gif" alt="" /></a></td>
<td><a id="TC_org.example.junit5.LoanOperationsTest.testLoanRejectionForZeroAmount"></a><a href="#org.example.junit5.LoanOperationsTest.testLoanRejectionForZeroAmount">testLoanRejectionForZeroAmount</a>
<div class="detailToggle" style="display:inline"><a href="javascript:toggleDisplay('org.example.junit5.LoanOperationsTest.testLoanRejectionForZeroAmount');"><span style="display:inline;" id="org.example.junit5.LoanOperationsTest.testLoanRejectionForZeroAmount-off"> + </span><span style="display:none;" id="org.example.junit5.LoanOperationsTest.testLoanRejectionForZeroAmount-on"> - </span>[ Detail ]</a></div></td>
<td>0.004 s</td></tr>
<tr class="b">
<td align="left">-</td>
<td>Expected java.lang.IllegalArgumentException to be thrown, but nothing was thrown.</td>
<td>-</td></tr>
<tr class="a" id="org.example.junit5.LoanOperationsTest.testLoanRejectionForZeroAmount-failure" style="display:none;">
<td align="left">-</td>
<td>
<div class="source">
<pre>org.opentest4j.AssertionFailedError: Expected java.lang.IllegalArgumentException to be thrown, but nothing was thrown.
	at org.junit.jupiter.api.AssertionFailureBuilder.build(AssertionFailureBuilder.java:152)
	at org.junit.jupiter.api.AssertThrows.assertThrows(AssertThrows.java:73)
	at org.junit.jupiter.api.AssertThrows.assertThrows(AssertThrows.java:35)
	at org.junit.jupiter.api.Assertions.assertThrows(Assertions.java:3111)
	at org.example.junit5.LoanOperationsTest.testLoanRejectionForZeroAmount(LoanOperationsTest.java:120)
	at java.base/java.lang.reflect.Method.invoke(Method.java:580)
	at java.base/java.util.ArrayList.forEach(ArrayList.java:1596)
	at java.base/java.util.ArrayList.forEach(ArrayList.java:1596)
</pre></div></td>
<td>-</td></tr>
<tr class="b">
<td align="left"><a href="#org.example.junit5.LoanOperationsTest.testLoanApprovalForHighAmount"><img src="images/icon_error_sml.gif" alt="" /></a></td>
<td><a id="TC_org.example.junit5.LoanOperationsTest.testLoanApprovalForHighAmount"></a><a href="#org.example.junit5.LoanOperationsTest.testLoanApprovalForHighAmount">testLoanApprovalForHighAmount</a>
<div class="detailToggle" style="display:inline"><a href="javascript:toggleDisplay('org.example.junit5.LoanOperationsTest.testLoanApprovalForHighAmount');"><span style="display:inline;" id="org.example.junit5.LoanOperationsTest.testLoanApprovalForHighAmount-off"> + </span><span style="display:none;" id="org.example.junit5.LoanOperationsTest.testLoanApprovalForHighAmount-on"> - </span>[ Detail ]</a></div></td>
<td>0.002 s</td></tr>
<tr class="a">
<td align="left">-</td>
<td>Loan should be approved for high amounts if criteria are met ==&gt; expected: &lt;true&gt; but was: &lt;false&gt;</td>
<td>-</td></tr>
<tr class="b" id="org.example.junit5.LoanOperationsTest.testLoanApprovalForHighAmount-failure" style="display:none;">
<td align="left">-</td>
<td>
<div class="source">
<pre>org.opentest4j.AssertionFailedError: Loan should be approved for high amounts if criteria are met ==&gt; expected: &lt;true&gt; but was: &lt;false&gt;
	at org.junit.jupiter.api.AssertionFailureBuilder.build(AssertionFailureBuilder.java:151)
	at org.junit.jupiter.api.AssertionFailureBuilder.buildAndThrow(AssertionFailureBuilder.java:132)
	at org.junit.jupiter.api.AssertTrue.failNotTrue(AssertTrue.java:63)
	at org.junit.jupiter.api.AssertTrue.assertTrue(AssertTrue.java:36)
	at org.junit.jupiter.api.Assertions.assertTrue(Assertions.java:210)
	at org.example.junit5.LoanOperationsTest.testLoanApprovalForHighAmount(LoanOperationsTest.java:109)
	at java.base/java.lang.reflect.Method.invoke(Method.java:580)
	at java.base/java.util.ArrayList.forEach(ArrayList.java:1596)
	at java.base/java.util.ArrayList.forEach(ArrayList.java:1596)
</pre></div></td>
<td>-</td></tr>
<tr class="a">
<td align="left"><img src="images/icon_success_sml.gif" alt="" /></td>
<td><a id="TC_org.example.junit5.LoanOperationsTest.testLoanApprovalWithValidWaitingLoan"></a>testLoanApprovalWithValidWaitingLoan</td>
<td>0.001 s</td></tr>
<tr class="b">
<td align="left"><a href="#org.example.junit5.LoanOperationsTest.testLoanTransferToNonExistentClient"><img src="images/icon_error_sml.gif" alt="" /></a></td>
<td><a id="TC_org.example.junit5.LoanOperationsTest.testLoanTransferToNonExistentClient"></a><a href="#org.example.junit5.LoanOperationsTest.testLoanTransferToNonExistentClient">testLoanTransferToNonExistentClient</a>
<div class="detailToggle" style="display:inline"><a href="javascript:toggleDisplay('org.example.junit5.LoanOperationsTest.testLoanTransferToNonExistentClient');"><span style="display:inline;" id="org.example.junit5.LoanOperationsTest.testLoanTransferToNonExistentClient-off"> + </span><span style="display:none;" id="org.example.junit5.LoanOperationsTest.testLoanTransferToNonExistentClient-on"> - </span>[ Detail ]</a></div></td>
<td>0.002 s</td></tr>
<tr class="a">
<td align="left">-</td>
<td>Expected java.lang.IllegalArgumentException to be thrown, but nothing was thrown.</td>
<td>-</td></tr>
<tr class="b" id="org.example.junit5.LoanOperationsTest.testLoanTransferToNonExistentClient-failure" style="display:none;">
<td align="left">-</td>
<td>
<div class="source">
<pre>org.opentest4j.AssertionFailedError: Expected java.lang.IllegalArgumentException to be thrown, but nothing was thrown.
	at org.junit.jupiter.api.AssertionFailureBuilder.build(AssertionFailureBuilder.java:152)
	at org.junit.jupiter.api.AssertThrows.assertThrows(AssertThrows.java:73)
	at org.junit.jupiter.api.AssertThrows.assertThrows(AssertThrows.java:35)
	at org.junit.jupiter.api.Assertions.assertThrows(Assertions.java:3111)
	at org.example.junit5.LoanOperationsTest.testLoanTransferToNonExistentClient(LoanOperationsTest.java:193)
	at java.base/java.lang.reflect.Method.invoke(Method.java:580)
	at java.base/java.util.ArrayList.forEach(ArrayList.java:1596)
	at java.base/java.util.ArrayList.forEach(ArrayList.java:1596)
</pre></div></td>
<td>-</td></tr>
<tr class="a">
<td align="left"><img src="images/icon_success_sml.gif" alt="" /></td>
<td><a id="TC_org.example.junit5.LoanOperationsTest.testLoanRejectionWithInvalidWaitingLoan"></a>testLoanRejectionWithInvalidWaitingLoan</td>
<td>0.002 s</td></tr>
<tr class="b">
<td align="left"><img src="images/icon_success_sml.gif" alt="" /></td>
<td><a id="TC_org.example.junit5.LoanOperationsTest.testLoanTransferBetweenClients"></a>testLoanTransferBetweenClients</td>
<td>0.001 s</td></tr>
<tr class="a">
<td align="left"><img src="images/icon_success_sml.gif" alt="" /></td>
<td><a id="TC_org.example.junit5.LoanOperationsTest.testWaitingLoanToStringIncludesDetails"></a>testWaitingLoanToStringIncludesDetails</td>
<td>0.001 s</td></tr>
<tr class="b">
<td align="left"><img src="images/icon_success_sml.gif" alt="" /></td>
<td><a id="TC_org.example.junit5.LoanOperationsTest.testRequestAndAcceptLoan"></a>testRequestAndAcceptLoan</td>
<td>0.001 s</td></tr>
<tr class="a">
<td align="left"><img src="images/icon_success_sml.gif" alt="" /></td>
<td><a id="TC_org.example.junit5.LoanOperationsTest.testLoanToStringIncludesDetails"></a>testLoanToStringIncludesDetails</td>
<td>0.001 s</td></tr></table></section><section><a id="org.example.junit5.LoginPageReflectionTest"></a>
<h3><a name="LoginPageReflectionTest"></a>LoginPageReflectionTest</h3>
<table border="0" class="bodyTable">
<tr class="a">
<td align="left"><a href="#org.example.junit5.LoginPageReflectionTest.testLoginPageHasExpectedNumberOfMethods"><img src="images/icon_error_sml.gif" alt="" /></a></td>
<td><a id="TC_org.example.junit5.LoginPageReflectionTest.testLoginPageHasExpectedNumberOfMethods"></a><a href="#org.example.junit5.LoginPageReflectionTest.testLoginPageHasExpectedNumberOfMethods">testLoginPageHasExpectedNumberOfMethods</a>
<div class="detailToggle" style="display:inline"><a href="javascript:toggleDisplay('org.example.junit5.LoginPageReflectionTest.testLoginPageHasExpectedNumberOfMethods');"><span style="display:inline;" id="org.example.junit5.LoginPageReflectionTest.testLoginPageHasExpectedNumberOfMethods-off"> + </span><span style="display:none;" id="org.example.junit5.LoginPageReflectionTest.testLoginPageHasExpectedNumberOfMethods-on"> - </span>[ Detail ]</a></div></td>
<td>0.038 s</td></tr>
<tr class="b">
<td align="left">-</td>
<td>LoginPage should have exactly 3 methods ==&gt; expected: &lt;3&gt; but was: &lt;1&gt;</td>
<td>-</td></tr>
<tr class="a" id="org.example.junit5.LoginPageReflectionTest.testLoginPageHasExpectedNumberOfMethods-failure" style="display:none;">
<td align="left">-</td>
<td>
<div class="source">
<pre>org.opentest4j.AssertionFailedError: LoginPage should have exactly 3 methods ==&gt; expected: &lt;3&gt; but was: &lt;1&gt;
	at org.junit.jupiter.api.AssertionFailureBuilder.build(AssertionFailureBuilder.java:151)
	at org.junit.jupiter.api.AssertionFailureBuilder.buildAndThrow(AssertionFailureBuilder.java:132)
	at org.junit.jupiter.api.AssertEquals.failNotEqual(AssertEquals.java:197)
	at org.junit.jupiter.api.AssertEquals.assertEquals(AssertEquals.java:150)
	at org.junit.jupiter.api.Assertions.assertEquals(Assertions.java:559)
	at org.example.junit5.LoginPageReflectionTest.testLoginPageHasExpectedNumberOfMethods(LoginPageReflectionTest.java:109)
	at java.base/java.lang.reflect.Method.invoke(Method.java:580)
	at java.base/java.util.ArrayList.forEach(ArrayList.java:1596)
	at java.base/java.util.ArrayList.forEach(ArrayList.java:1596)
</pre></div></td>
<td>-</td></tr>
<tr class="b">
<td align="left"><a href="#org.example.junit5.LoginPageReflectionTest.testLoginMethodReturnType"><img src="images/icon_error_sml.gif" alt="" /></a></td>
<td><a id="TC_org.example.junit5.LoginPageReflectionTest.testLoginMethodReturnType"></a><a href="#org.example.junit5.LoginPageReflectionTest.testLoginMethodReturnType">testLoginMethodReturnType</a>
<div class="detailToggle" style="display:inline"><a href="javascript:toggleDisplay('org.example.junit5.LoginPageReflectionTest.testLoginMethodReturnType');"><span style="display:inline;" id="org.example.junit5.LoginPageReflectionTest.testLoginMethodReturnType-off"> + </span><span style="display:none;" id="org.example.junit5.LoginPageReflectionTest.testLoginMethodReturnType-on"> - </span>[ Detail ]</a></div></td>
<td>0.001 s</td></tr>
<tr class="a">
<td align="left">-</td>
<td>org.example.LoginPage.login(java.lang.String,java.lang.String)</td>
<td>-</td></tr>
<tr class="b" id="org.example.junit5.LoginPageReflectionTest.testLoginMethodReturnType-error" style="display:none;">
<td align="left">-</td>
<td>
<div class="source">
<pre>java.lang.NoSuchMethodException: org.example.LoginPage.login(java.lang.String,java.lang.String)
	at java.base/java.lang.Class.getDeclaredMethod(Class.java:2848)
	at org.example.junit5.LoginPageReflectionTest.testLoginMethodReturnType(LoginPageReflectionTest.java:92)
	at java.base/java.lang.reflect.Method.invoke(Method.java:580)
	at java.base/java.util.ArrayList.forEach(ArrayList.java:1596)
	at java.base/java.util.ArrayList.forEach(ArrayList.java:1596)
</pre></div></td>
<td>-</td></tr>
<tr class="a">
<td align="left"><img src="images/icon_success_sml.gif" alt="" /></td>
<td><a id="TC_org.example.junit5.LoginPageReflectionTest.testLoginPageHasPrivateFields"></a>testLoginPageHasPrivateFields</td>
<td>0.001 s</td></tr>
<tr class="b">
<td align="left"><a href="#org.example.junit5.LoginPageReflectionTest.testLoginMethodExists"><img src="images/icon_error_sml.gif" alt="" /></a></td>
<td><a id="TC_org.example.junit5.LoginPageReflectionTest.testLoginMethodExists"></a><a href="#org.example.junit5.LoginPageReflectionTest.testLoginMethodExists">testLoginMethodExists</a>
<div class="detailToggle" style="display:inline"><a href="javascript:toggleDisplay('org.example.junit5.LoginPageReflectionTest.testLoginMethodExists');"><span style="display:inline;" id="org.example.junit5.LoginPageReflectionTest.testLoginMethodExists-off"> + </span><span style="display:none;" id="org.example.junit5.LoginPageReflectionTest.testLoginMethodExists-on"> - </span>[ Detail ]</a></div></td>
<td>0.001 s</td></tr>
<tr class="a">
<td align="left">-</td>
<td>Login method should be present in LoginPage class ==&gt; expected: &lt;true&gt; but was: &lt;false&gt;</td>
<td>-</td></tr>
<tr class="b" id="org.example.junit5.LoginPageReflectionTest.testLoginMethodExists-failure" style="display:none;">
<td align="left">-</td>
<td>
<div class="source">
<pre>org.opentest4j.AssertionFailedError: Login method should be present in LoginPage class ==&gt; expected: &lt;true&gt; but was: &lt;false&gt;
	at org.junit.jupiter.api.AssertionFailureBuilder.build(AssertionFailureBuilder.java:151)
	at org.junit.jupiter.api.AssertionFailureBuilder.buildAndThrow(AssertionFailureBuilder.java:132)
	at org.junit.jupiter.api.AssertTrue.failNotTrue(AssertTrue.java:63)
	at org.junit.jupiter.api.AssertTrue.assertTrue(AssertTrue.java:36)
	at org.junit.jupiter.api.Assertions.assertTrue(Assertions.java:210)
	at org.example.junit5.LoginPageReflectionTest.testLoginMethodExists(LoginPageReflectionTest.java:49)
	at java.base/java.lang.reflect.Method.invoke(Method.java:580)
	at java.base/java.util.ArrayList.forEach(ArrayList.java:1596)
	at java.base/java.util.ArrayList.forEach(ArrayList.java:1596)
</pre></div></td>
<td>-</td></tr>
<tr class="a">
<td align="left"><a href="#org.example.junit5.LoginPageReflectionTest.testLoginPageImplementsInterface"><img src="images/icon_error_sml.gif" alt="" /></a></td>
<td><a id="TC_org.example.junit5.LoginPageReflectionTest.testLoginPageImplementsInterface"></a><a href="#org.example.junit5.LoginPageReflectionTest.testLoginPageImplementsInterface">testLoginPageImplementsInterface</a>
<div class="detailToggle" style="display:inline"><a href="javascript:toggleDisplay('org.example.junit5.LoginPageReflectionTest.testLoginPageImplementsInterface');"><span style="display:inline;" id="org.example.junit5.LoginPageReflectionTest.testLoginPageImplementsInterface-off"> + </span><span style="display:none;" id="org.example.junit5.LoginPageReflectionTest.testLoginPageImplementsInterface-on"> - </span>[ Detail ]</a></div></td>
<td>0.002 s</td></tr>
<tr class="b">
<td align="left">-</td>
<td>LoginPage should implement the Authenticatable interface ==&gt; expected: &lt;true&gt; but was: &lt;false&gt;</td>
<td>-</td></tr>
<tr class="a" id="org.example.junit5.LoginPageReflectionTest.testLoginPageImplementsInterface-failure" style="display:none;">
<td align="left">-</td>
<td>
<div class="source">
<pre>org.opentest4j.AssertionFailedError: LoginPage should implement the Authenticatable interface ==&gt; expected: &lt;true&gt; but was: &lt;false&gt;
	at org.junit.jupiter.api.AssertionFailureBuilder.build(AssertionFailureBuilder.java:151)
	at org.junit.jupiter.api.AssertionFailureBuilder.buildAndThrow(AssertionFailureBuilder.java:132)
	at org.junit.jupiter.api.AssertTrue.failNotTrue(AssertTrue.java:63)
	at org.junit.jupiter.api.AssertTrue.assertTrue(AssertTrue.java:36)
	at org.junit.jupiter.api.Assertions.assertTrue(Assertions.java:210)
	at org.example.junit5.LoginPageReflectionTest.testLoginPageImplementsInterface(LoginPageReflectionTest.java:77)
	at java.base/java.lang.reflect.Method.invoke(Method.java:580)
	at java.base/java.util.ArrayList.forEach(ArrayList.java:1596)
	at java.base/java.util.ArrayList.forEach(ArrayList.java:1596)
</pre></div></td>
<td>-</td></tr>
<tr class="b">
<td align="left"><a href="#org.example.junit5.LoginPageReflectionTest.testLoginPageHasNoStaticMethods"><img src="images/icon_error_sml.gif" alt="" /></a></td>
<td><a id="TC_org.example.junit5.LoginPageReflectionTest.testLoginPageHasNoStaticMethods"></a><a href="#org.example.junit5.LoginPageReflectionTest.testLoginPageHasNoStaticMethods">testLoginPageHasNoStaticMethods</a>
<div class="detailToggle" style="display:inline"><a href="javascript:toggleDisplay('org.example.junit5.LoginPageReflectionTest.testLoginPageHasNoStaticMethods');"><span style="display:inline;" id="org.example.junit5.LoginPageReflectionTest.testLoginPageHasNoStaticMethods-off"> + </span><span style="display:none;" id="org.example.junit5.LoginPageReflectionTest.testLoginPageHasNoStaticMethods-on"> - </span>[ Detail ]</a></div></td>
<td>0.001 s</td></tr>
<tr class="a">
<td align="left">-</td>
<td>LoginPage should not have static methods ==&gt; expected: &lt;false&gt; but was: &lt;true&gt;</td>
<td>-</td></tr>
<tr class="b" id="org.example.junit5.LoginPageReflectionTest.testLoginPageHasNoStaticMethods-failure" style="display:none;">
<td align="left">-</td>
<td>
<div class="source">
<pre>org.opentest4j.AssertionFailedError: LoginPage should not have static methods ==&gt; expected: &lt;false&gt; but was: &lt;true&gt;
	at org.junit.jupiter.api.AssertionFailureBuilder.build(AssertionFailureBuilder.java:151)
	at org.junit.jupiter.api.AssertionFailureBuilder.buildAndThrow(AssertionFailureBuilder.java:132)
	at org.junit.jupiter.api.AssertFalse.failNotFalse(AssertFalse.java:63)
	at org.junit.jupiter.api.AssertFalse.assertFalse(AssertFalse.java:36)
	at org.junit.jupiter.api.Assertions.assertFalse(Assertions.java:235)
	at org.example.junit5.LoginPageReflectionTest.testLoginPageHasNoStaticMethods(LoginPageReflectionTest.java:117)
	at java.base/java.lang.reflect.Method.invoke(Method.java:580)
	at java.base/java.util.ArrayList.forEach(ArrayList.java:1596)
	at java.base/java.util.ArrayList.forEach(ArrayList.java:1596)
</pre></div></td>
<td>-</td></tr>
<tr class="a">
<td align="left"><a href="#org.example.junit5.LoginPageReflectionTest.testLoginPageHasExpectedFieldTypes"><img src="images/icon_error_sml.gif" alt="" /></a></td>
<td><a id="TC_org.example.junit5.LoginPageReflectionTest.testLoginPageHasExpectedFieldTypes"></a><a href="#org.example.junit5.LoginPageReflectionTest.testLoginPageHasExpectedFieldTypes">testLoginPageHasExpectedFieldTypes</a>
<div class="detailToggle" style="display:inline"><a href="javascript:toggleDisplay('org.example.junit5.LoginPageReflectionTest.testLoginPageHasExpectedFieldTypes');"><span style="display:inline;" id="org.example.junit5.LoginPageReflectionTest.testLoginPageHasExpectedFieldTypes-off"> + </span><span style="display:none;" id="org.example.junit5.LoginPageReflectionTest.testLoginPageHasExpectedFieldTypes-on"> - </span>[ Detail ]</a></div></td>
<td>0.001 s</td></tr>
<tr class="b">
<td align="left">-</td>
<td>usernameField</td>
<td>-</td></tr>
<tr class="a" id="org.example.junit5.LoginPageReflectionTest.testLoginPageHasExpectedFieldTypes-error" style="display:none;">
<td align="left">-</td>
<td>
<div class="source">
<pre>java.lang.NoSuchFieldException: usernameField
	at java.base/java.lang.Class.getDeclaredField(Class.java:2782)
	at org.example.junit5.LoginPageReflectionTest.testLoginPageHasExpectedFieldTypes(LoginPageReflectionTest.java:124)
	at java.base/java.lang.reflect.Method.invoke(Method.java:580)
	at java.base/java.util.ArrayList.forEach(ArrayList.java:1596)
	at java.base/java.util.ArrayList.forEach(ArrayList.java:1596)
</pre></div></td>
<td>-</td></tr>
<tr class="b">
<td align="left"><a href="#org.example.junit5.LoginPageReflectionTest.testLoginPageFieldsExist"><img src="images/icon_error_sml.gif" alt="" /></a></td>
<td><a id="TC_org.example.junit5.LoginPageReflectionTest.testLoginPageFieldsExist"></a><a href="#org.example.junit5.LoginPageReflectionTest.testLoginPageFieldsExist">testLoginPageFieldsExist</a>
<div class="detailToggle" style="display:inline"><a href="javascript:toggleDisplay('org.example.junit5.LoginPageReflectionTest.testLoginPageFieldsExist');"><span style="display:inline;" id="org.example.junit5.LoginPageReflectionTest.testLoginPageFieldsExist-off"> + </span><span style="display:none;" id="org.example.junit5.LoginPageReflectionTest.testLoginPageFieldsExist-on"> - </span>[ Detail ]</a></div></td>
<td>0.001 s</td></tr>
<tr class="a">
<td align="left">-</td>
<td>usernameField</td>
<td>-</td></tr>
<tr class="b" id="org.example.junit5.LoginPageReflectionTest.testLoginPageFieldsExist-error" style="display:none;">
<td align="left">-</td>
<td>
<div class="source">
<pre>java.lang.NoSuchFieldException: usernameField
	at java.base/java.lang.Class.getDeclaredField(Class.java:2782)
	at org.example.junit5.LoginPageReflectionTest.testLoginPageFieldsExist(LoginPageReflectionTest.java:27)
	at java.base/java.lang.reflect.Method.invoke(Method.java:580)
	at java.base/java.util.ArrayList.forEach(ArrayList.java:1596)
	at java.base/java.util.ArrayList.forEach(ArrayList.java:1596)
</pre></div></td>
<td>-</td></tr>
<tr class="a">
<td align="left"><a href="#org.example.junit5.LoginPageReflectionTest.testLoginPageConstructorIsPrivate"><img src="images/icon_error_sml.gif" alt="" /></a></td>
<td><a id="TC_org.example.junit5.LoginPageReflectionTest.testLoginPageConstructorIsPrivate"></a><a href="#org.example.junit5.LoginPageReflectionTest.testLoginPageConstructorIsPrivate">testLoginPageConstructorIsPrivate</a>
<div class="detailToggle" style="display:inline"><a href="javascript:toggleDisplay('org.example.junit5.LoginPageReflectionTest.testLoginPageConstructorIsPrivate');"><span style="display:inline;" id="org.example.junit5.LoginPageReflectionTest.testLoginPageConstructorIsPrivate-off"> + </span><span style="display:none;" id="org.example.junit5.LoginPageReflectionTest.testLoginPageConstructorIsPrivate-on"> - </span>[ Detail ]</a></div></td>
<td>0.001 s</td></tr>
<tr class="b">
<td align="left">-</td>
<td>LoginPage constructor should be private ==&gt; expected: &lt;true&gt; but was: &lt;false&gt;</td>
<td>-</td></tr>
<tr class="a" id="org.example.junit5.LoginPageReflectionTest.testLoginPageConstructorIsPrivate-failure" style="display:none;">
<td align="left">-</td>
<td>
<div class="source">
<pre>org.opentest4j.AssertionFailedError: LoginPage constructor should be private ==&gt; expected: &lt;true&gt; but was: &lt;false&gt;
	at org.junit.jupiter.api.AssertionFailureBuilder.build(AssertionFailureBuilder.java:151)
	at org.junit.jupiter.api.AssertionFailureBuilder.buildAndThrow(AssertionFailureBuilder.java:132)
	at org.junit.jupiter.api.AssertTrue.failNotTrue(AssertTrue.java:63)
	at org.junit.jupiter.api.AssertTrue.assertTrue(AssertTrue.java:36)
	at org.junit.jupiter.api.Assertions.assertTrue(Assertions.java:210)
	at org.example.junit5.LoginPageReflectionTest.testLoginPageConstructorIsPrivate(LoginPageReflectionTest.java:63)
	at java.base/java.lang.reflect.Method.invoke(Method.java:580)
	at java.base/java.util.ArrayList.forEach(ArrayList.java:1596)
	at java.base/java.util.ArrayList.forEach(ArrayList.java:1596)
</pre></div></td>
<td>-</td></tr>
<tr class="b">
<td align="left"><a href="#org.example.junit5.LoginPageReflectionTest.testLoginPageHasNoPublicFields"><img src="images/icon_error_sml.gif" alt="" /></a></td>
<td><a id="TC_org.example.junit5.LoginPageReflectionTest.testLoginPageHasNoPublicFields"></a><a href="#org.example.junit5.LoginPageReflectionTest.testLoginPageHasNoPublicFields">testLoginPageHasNoPublicFields</a>
<div class="detailToggle" style="display:inline"><a href="javascript:toggleDisplay('org.example.junit5.LoginPageReflectionTest.testLoginPageHasNoPublicFields');"><span style="display:inline;" id="org.example.junit5.LoginPageReflectionTest.testLoginPageHasNoPublicFields-off"> + </span><span style="display:none;" id="org.example.junit5.LoginPageReflectionTest.testLoginPageHasNoPublicFields-on"> - </span>[ Detail ]</a></div></td>
<td>0.002 s</td></tr>
<tr class="a">
<td align="left">-</td>
<td>LoginPage should not expose public fields ==&gt; expected: &lt;0&gt; but was: &lt;36&gt;</td>
<td>-</td></tr>
<tr class="b" id="org.example.junit5.LoginPageReflectionTest.testLoginPageHasNoPublicFields-failure" style="display:none;">
<td align="left">-</td>
<td>
<div class="source">
<pre>org.opentest4j.AssertionFailedError: LoginPage should not expose public fields ==&gt; expected: &lt;0&gt; but was: &lt;36&gt;
	at org.junit.jupiter.api.AssertionFailureBuilder.build(AssertionFailureBuilder.java:151)
	at org.junit.jupiter.api.AssertionFailureBuilder.buildAndThrow(AssertionFailureBuilder.java:132)
	at org.junit.jupiter.api.AssertEquals.failNotEqual(AssertEquals.java:197)
	at org.junit.jupiter.api.AssertEquals.assertEquals(AssertEquals.java:150)
	at org.junit.jupiter.api.Assertions.assertEquals(Assertions.java:559)
	at org.example.junit5.LoginPageReflectionTest.testLoginPageHasNoPublicFields(LoginPageReflectionTest.java:56)
	at java.base/java.lang.reflect.Method.invoke(Method.java:580)
	at java.base/java.util.ArrayList.forEach(ArrayList.java:1596)
	at java.base/java.util.ArrayList.forEach(ArrayList.java:1596)
</pre></div></td>
<td>-</td></tr>
<tr class="a">
<td align="left"><img src="images/icon_success_sml.gif" alt="" /></td>
<td><a id="TC_org.example.junit5.LoginPageReflectionTest.testLoginPageClassExists"></a>testLoginPageClassExists</td>
<td>0.001 s</td></tr>
<tr class="b">
<td align="left"><a href="#org.example.junit5.LoginPageReflectionTest.testLoginMethodParameters"><img src="images/icon_error_sml.gif" alt="" /></a></td>
<td><a id="TC_org.example.junit5.LoginPageReflectionTest.testLoginMethodParameters"></a><a href="#org.example.junit5.LoginPageReflectionTest.testLoginMethodParameters">testLoginMethodParameters</a>
<div class="detailToggle" style="display:inline"><a href="javascript:toggleDisplay('org.example.junit5.LoginPageReflectionTest.testLoginMethodParameters');"><span style="display:inline;" id="org.example.junit5.LoginPageReflectionTest.testLoginMethodParameters-off"> + </span><span style="display:none;" id="org.example.junit5.LoginPageReflectionTest.testLoginMethodParameters-on"> - </span>[ Detail ]</a></div></td>
<td>0.001 s</td></tr>
<tr class="a">
<td align="left">-</td>
<td>org.example.LoginPage.login(java.lang.String,java.lang.String)</td>
<td>-</td></tr>
<tr class="b" id="org.example.junit5.LoginPageReflectionTest.testLoginMethodParameters-error" style="display:none;">
<td align="left">-</td>
<td>
<div class="source">
<pre>java.lang.NoSuchMethodException: org.example.LoginPage.login(java.lang.String,java.lang.String)
	at java.base/java.lang.Class.getDeclaredMethod(Class.java:2848)
	at org.example.junit5.LoginPageReflectionTest.testLoginMethodParameters(LoginPageReflectionTest.java:85)
	at java.base/java.lang.reflect.Method.invoke(Method.java:580)
	at java.base/java.util.ArrayList.forEach(ArrayList.java:1596)
	at java.base/java.util.ArrayList.forEach(ArrayList.java:1596)
</pre></div></td>
<td>-</td></tr></table></section><br /></section><section><a id="Failure_Details"></a>
<h2><a name="Failure_Details"></a>Failure Details</h2>
<p>[<a href="#Summary">Summary</a>] [<a href="#Package_List">Package List</a>] [<a href="#Test_Cases">Test Cases</a>]</p><br />
<table border="0" class="bodyTable">
<tr class="a">
<td align="left"><img src="images/icon_error_sml.gif" alt="" /></td>
<td><a id="org.example.junit5.AdminTest.testInvalidBalance"></a>testInvalidBalance</td></tr>
<tr class="b">
<td align="left">-</td>
<td>org.opentest4j.AssertionFailedError: expected: &lt;false&gt; but was: &lt;true&gt;</td></tr>
<tr class="a">
<td align="left">-</td>
<td>
<div id="testInvalidBalance-failure">org.example.junit5.AdminTest:55</div></td></tr>
<tr class="b">
<td align="left"><img src="images/icon_error_sml.gif" alt="" /></td>
<td><a id="org.example.junit5.AdminTest.testInvalidPassword"></a>testInvalidPassword</td></tr>
<tr class="a">
<td align="left">-</td>
<td>org.opentest4j.AssertionFailedError: expected: &lt;true&gt; but was: &lt;false&gt;</td></tr>
<tr class="b">
<td align="left">-</td>
<td>
<div id="testInvalidPassword-failure">org.example.junit5.AdminTest:50</div></td></tr>
<tr class="a">
<td align="left"><img src="images/icon_error_sml.gif" alt="" /></td>
<td><a id="org.example.junit5.AdminTest.testAdminBonusCalculationWithHighYears"></a>testAdminBonusCalculationWithHighYears</td></tr>
<tr class="b">
<td align="left">-</td>
<td>org.opentest4j.AssertionFailedError: Bonus should be 5000 for 50 years with 10% of salary ==&gt; expected: &lt;5000.0&gt; but was: &lt;0.0&gt;</td></tr>
<tr class="a">
<td align="left">-</td>
<td>
<div id="testAdminBonusCalculationWithHighYears-failure">org.example.junit5.AdminTest:127</div></td></tr>
<tr class="b">
<td align="left"><img src="images/icon_error_sml.gif" alt="" /></td>
<td><a id="org.example.junit5.AdminTest.testAdminBonusCalculationWithPositiveYears"></a>testAdminBonusCalculationWithPositiveYears</td></tr>
<tr class="a">
<td align="left">-</td>
<td>org.opentest4j.AssertionFailedError: Bonus should be 500 for 5 years with 10% of salary ==&gt; expected: &lt;500.0&gt; but was: &lt;0.0&gt;</td></tr>
<tr class="b">
<td align="left">-</td>
<td>
<div id="testAdminBonusCalculationWithPositiveYears-failure">org.example.junit5.AdminTest:120</div></td></tr>
<tr class="a">
<td align="left"><img src="images/icon_error_sml.gif" alt="" /></td>
<td><a id="org.example.junit5.AdminTest.testAdminToStringIncludesAllDetails"></a>testAdminToStringIncludesAllDetails</td></tr>
<tr class="b">
<td align="left">-</td>
<td>org.opentest4j.AssertionFailedError: expected: &lt;true&gt; but was: &lt;false&gt;</td></tr>
<tr class="a">
<td align="left">-</td>
<td>
<div id="testAdminToStringIncludesAllDetails-failure">org.example.junit5.AdminTest:135</div></td></tr>
<tr class="b">
<td align="left"><img src="images/icon_error_sml.gif" alt="" /></td>
<td><a id="org.example.junit5.AdminTest.testAdminCreationWithNullRole"></a>testAdminCreationWithNullRole</td></tr>
<tr class="a">
<td align="left">-</td>
<td>org.opentest4j.AssertionFailedError: Unexpected exception type thrown, expected: &lt;java.lang.NullPointerException&gt; but was: &lt;java.lang.IllegalArgumentException&gt;</td></tr>
<tr class="b">
<td align="left">-</td>
<td>
<div id="testAdminCreationWithNullRole-failure">org.example.junit5.AdminTest:104</div></td></tr>
<tr class="a">
<td align="left"><img src="images/icon_error_sml.gif" alt="" /></td>
<td><a id="org.example.junit5.ClientTest.testClientCreationWithInvalidPhoneNumber"></a>testClientCreationWithInvalidPhoneNumber</td></tr>
<tr class="b">
<td align="left">-</td>
<td>org.opentest4j.AssertionFailedError: Expected java.lang.IllegalArgumentException to be thrown, but nothing was thrown.</td></tr>
<tr class="a">
<td align="left">-</td>
<td>
<div id="testClientCreationWithInvalidPhoneNumber-failure">org.example.junit5.ClientTest:124</div></td></tr>
<tr class="b">
<td align="left"><img src="images/icon_error_sml.gif" alt="" /></td>
<td><a id="org.example.junit5.ClientTest.testClientToStringIncludesDetails"></a>testClientToStringIncludesDetails</td></tr>
<tr class="a">
<td align="left">-</td>
<td>org.opentest4j.AssertionFailedError: expected: &lt;true&gt; but was: &lt;false&gt;</td></tr>
<tr class="b">
<td align="left">-</td>
<td>
<div id="testClientToStringIncludesDetails-failure">org.example.junit5.ClientTest:206</div></td></tr>
<tr class="a">
<td align="left"><img src="images/icon_error_sml.gif" alt="" /></td>
<td><a id="org.example.junit5.ClientTest.testClientPhoneNumberUpdateWithInvalidValue"></a>testClientPhoneNumberUpdateWithInvalidValue</td></tr>
<tr class="b">
<td align="left">-</td>
<td>org.opentest4j.AssertionFailedError: Expected java.lang.IllegalArgumentException to be thrown, but nothing was thrown.</td></tr>
<tr class="a">
<td align="left">-</td>
<td>
<div id="testClientPhoneNumberUpdateWithInvalidValue-failure">org.example.junit5.ClientTest:166</div></td></tr>
<tr class="b">
<td align="left"><img src="images/icon_error_sml.gif" alt="" /></td>
<td><a id="org.example.junit5.ClientTest.testClientCreation"></a>testClientCreation</td></tr>
<tr class="a">
<td align="left">-</td>
<td>org.opentest4j.AssertionFailedError: expected: &lt;5551234&gt; but was: &lt;null&gt;</td></tr>
<tr class="b">
<td align="left">-</td>
<td>
<div id="testClientCreation-failure">org.example.junit5.ClientTest:35</div></td></tr>
<tr class="a">
<td align="left"><img src="images/icon_error_sml.gif" alt="" /></td>
<td><a id="org.example.junit5.ClientTest.testClientCreationWithShortPassword"></a>testClientCreationWithShortPassword</td></tr>
<tr class="b">
<td align="left">-</td>
<td>org.opentest4j.AssertionFailedError: expected: &lt;false&gt; but was: &lt;true&gt;</td></tr>
<tr class="a">
<td align="left">-</td>
<td>
<div id="testClientCreationWithShortPassword-failure">org.example.junit5.ClientTest:84</div></td></tr>
<tr class="b">
<td align="left"><img src="images/icon_error_sml.gif" alt="" /></td>
<td><a id="org.example.junit5.ClientTest.testClientCreationWithInvalidBalance"></a>testClientCreationWithInvalidBalance</td></tr>
<tr class="a">
<td align="left">-</td>
<td>org.opentest4j.AssertionFailedError: expected: &lt;false&gt; but was: &lt;true&gt;</td></tr>
<tr class="b">
<td align="left">-</td>
<td>
<div id="testClientCreationWithInvalidBalance-failure">org.example.junit5.ClientTest:76</div></td></tr>
<tr class="a">
<td align="left"><img src="images/icon_error_sml.gif" alt="" /></td>
<td><a id="org.example.junit5.ClientTest.testClientJobUpdateWithEmptyValue"></a>testClientJobUpdateWithEmptyValue</td></tr>
<tr class="b">
<td align="left">-</td>
<td>org.opentest4j.AssertionFailedError: Expected java.lang.IllegalArgumentException to be thrown, but nothing was thrown.</td></tr>
<tr class="a">
<td align="left">-</td>
<td>
<div id="testClientJobUpdateWithEmptyValue-failure">org.example.junit5.ClientTest:181</div></td></tr>
<tr class="b">
<td align="left"><img src="images/icon_error_sml.gif" alt="" /></td>
<td><a id="org.example.junit5.ClientTest.testClientCreationWithInvalidAccountNumber"></a>testClientCreationWithInvalidAccountNumber</td></tr>
<tr class="a">
<td align="left">-</td>
<td>org.opentest4j.AssertionFailedError: expected: &lt;false&gt; but was: &lt;true&gt;</td></tr>
<tr class="b">
<td align="left">-</td>
<td>
<div id="testClientCreationWithInvalidAccountNumber-failure">org.example.junit5.ClientTest:68</div></td></tr>
<tr class="a">
<td align="left"><img src="images/icon_error_sml.gif" alt="" /></td>
<td><a id="org.example.junit5.ClientTest.testLoanRequestWithHighAmount"></a>testLoanRequestWithHighAmount</td></tr>
<tr class="b">
<td align="left">-</td>
<td>org.opentest4j.AssertionFailedError: Loan should be rejected if the amount is too high ==&gt; expected: &lt;false&gt; but was: &lt;true&gt;</td></tr>
<tr class="a">
<td align="left">-</td>
<td>
<div id="testLoanRequestWithHighAmount-failure">org.example.junit5.ClientTest:104</div></td></tr>
<tr class="b">
<td align="left"><img src="images/icon_error_sml.gif" alt="" /></td>
<td><a id="org.example.junit5.LoanOperationsTest.testLoanRejectionForZeroTerm"></a>testLoanRejectionForZeroTerm</td></tr>
<tr class="a">
<td align="left">-</td>
<td>org.opentest4j.AssertionFailedError: Expected java.lang.IllegalArgumentException to be thrown, but nothing was thrown.</td></tr>
<tr class="b">
<td align="left">-</td>
<td>
<div id="testLoanRejectionForZeroTerm-failure">org.example.junit5.LoanOperationsTest:135</div></td></tr>
<tr class="a">
<td align="left"><img src="images/icon_error_sml.gif" alt="" /></td>
<td><a id="org.example.junit5.LoanOperationsTest.testLoanRejectionForNegativeTerm"></a>testLoanRejectionForNegativeTerm</td></tr>
<tr class="b">
<td align="left">-</td>
<td>org.opentest4j.AssertionFailedError: Expected java.lang.IllegalArgumentException to be thrown, but nothing was thrown.</td></tr>
<tr class="a">
<td align="left">-</td>
<td>
<div id="testLoanRejectionForNegativeTerm-failure">org.example.junit5.LoanOperationsTest:128</div></td></tr>
<tr class="b">
<td align="left"><img src="images/icon_error_sml.gif" alt="" /></td>
<td><a id="org.example.junit5.LoanOperationsTest.testLoanRejectionForNegativeAmount"></a>testLoanRejectionForNegativeAmount</td></tr>
<tr class="a">
<td align="left">-</td>
<td>org.opentest4j.AssertionFailedError: Expected java.lang.IllegalArgumentException to be thrown, but nothing was thrown.</td></tr>
<tr class="b">
<td align="left">-</td>
<td>
<div id="testLoanRejectionForNegativeAmount-failure">org.example.junit5.LoanOperationsTest:94</div></td></tr>
<tr class="a">
<td align="left"><img src="images/icon_error_sml.gif" alt="" /></td>
<td><a id="org.example.junit5.LoanOperationsTest.testMonthlyInstallmentCalculationWithInterest"></a>testMonthlyInstallmentCalculationWithInterest</td></tr>
<tr class="b">
<td align="left">-</td>
<td>org.opentest4j.AssertionFailedError: expected: &lt;8.75&gt; but was: &lt;8.0&gt;</td></tr>
<tr class="a">
<td align="left">-</td>
<td>
<div id="testMonthlyInstallmentCalculationWithInterest-failure">org.example.junit5.LoanOperationsTest:146</div></td></tr>
<tr class="b">
<td align="left"><img src="images/icon_error_sml.gif" alt="" /></td>
<td><a id="org.example.junit5.LoanOperationsTest.testLoanRejectionForZeroAmount"></a>testLoanRejectionForZeroAmount</td></tr>
<tr class="a">
<td align="left">-</td>
<td>org.opentest4j.AssertionFailedError: Expected java.lang.IllegalArgumentException to be thrown, but nothing was thrown.</td></tr>
<tr class="b">
<td align="left">-</td>
<td>
<div id="testLoanRejectionForZeroAmount-failure">org.example.junit5.LoanOperationsTest:120</div></td></tr>
<tr class="a">
<td align="left"><img src="images/icon_error_sml.gif" alt="" /></td>
<td><a id="org.example.junit5.LoanOperationsTest.testLoanApprovalForHighAmount"></a>testLoanApprovalForHighAmount</td></tr>
<tr class="b">
<td align="left">-</td>
<td>org.opentest4j.AssertionFailedError: Loan should be approved for high amounts if criteria are met ==&gt; expected: &lt;true&gt; but was: &lt;false&gt;</td></tr>
<tr class="a">
<td align="left">-</td>
<td>
<div id="testLoanApprovalForHighAmount-failure">org.example.junit5.LoanOperationsTest:109</div></td></tr>
<tr class="b">
<td align="left"><img src="images/icon_error_sml.gif" alt="" /></td>
<td><a id="org.example.junit5.LoanOperationsTest.testLoanTransferToNonExistentClient"></a>testLoanTransferToNonExistentClient</td></tr>
<tr class="a">
<td align="left">-</td>
<td>org.opentest4j.AssertionFailedError: Expected java.lang.IllegalArgumentException to be thrown, but nothing was thrown.</td></tr>
<tr class="b">
<td align="left">-</td>
<td>
<div id="testLoanTransferToNonExistentClient-failure">org.example.junit5.LoanOperationsTest:193</div></td></tr>
<tr class="a">
<td align="left"><img src="images/icon_error_sml.gif" alt="" /></td>
<td><a id="org.example.junit5.LoginPageReflectionTest.testLoginPageHasExpectedNumberOfMethods"></a>testLoginPageHasExpectedNumberOfMethods</td></tr>
<tr class="b">
<td align="left">-</td>
<td>org.opentest4j.AssertionFailedError: LoginPage should have exactly 3 methods ==&gt; expected: &lt;3&gt; but was: &lt;1&gt;</td></tr>
<tr class="a">
<td align="left">-</td>
<td>
<div id="testLoginPageHasExpectedNumberOfMethods-failure">org.example.junit5.LoginPageReflectionTest:109</div></td></tr>
<tr class="b">
<td align="left"><img src="images/icon_error_sml.gif" alt="" /></td>
<td><a id="org.example.junit5.LoginPageReflectionTest.testLoginMethodReturnType"></a>testLoginMethodReturnType</td></tr>
<tr class="a">
<td align="left">-</td>
<td>java.lang.NoSuchMethodException: org.example.LoginPage.login(java.lang.String,java.lang.String)</td></tr>
<tr class="b">
<td align="left">-</td>
<td>
<div id="testLoginMethodReturnType-error">org.example.junit5.LoginPageReflectionTest:92</div></td></tr>
<tr class="a">
<td align="left"><img src="images/icon_error_sml.gif" alt="" /></td>
<td><a id="org.example.junit5.LoginPageReflectionTest.testLoginMethodExists"></a>testLoginMethodExists</td></tr>
<tr class="b">
<td align="left">-</td>
<td>org.opentest4j.AssertionFailedError: Login method should be present in LoginPage class ==&gt; expected: &lt;true&gt; but was: &lt;false&gt;</td></tr>
<tr class="a">
<td align="left">-</td>
<td>
<div id="testLoginMethodExists-failure">org.example.junit5.LoginPageReflectionTest:49</div></td></tr>
<tr class="b">
<td align="left"><img src="images/icon_error_sml.gif" alt="" /></td>
<td><a id="org.example.junit5.LoginPageReflectionTest.testLoginPageImplementsInterface"></a>testLoginPageImplementsInterface</td></tr>
<tr class="a">
<td align="left">-</td>
<td>org.opentest4j.AssertionFailedError: LoginPage should implement the Authenticatable interface ==&gt; expected: &lt;true&gt; but was: &lt;false&gt;</td></tr>
<tr class="b">
<td align="left">-</td>
<td>
<div id="testLoginPageImplementsInterface-failure">org.example.junit5.LoginPageReflectionTest:77</div></td></tr>
<tr class="a">
<td align="left"><img src="images/icon_error_sml.gif" alt="" /></td>
<td><a id="org.example.junit5.LoginPageReflectionTest.testLoginPageHasNoStaticMethods"></a>testLoginPageHasNoStaticMethods</td></tr>
<tr class="b">
<td align="left">-</td>
<td>org.opentest4j.AssertionFailedError: LoginPage should not have static methods ==&gt; expected: &lt;false&gt; but was: &lt;true&gt;</td></tr>
<tr class="a">
<td align="left">-</td>
<td>
<div id="testLoginPageHasNoStaticMethods-failure">org.example.junit5.LoginPageReflectionTest:117</div></td></tr>
<tr class="b">
<td align="left"><img src="images/icon_error_sml.gif" alt="" /></td>
<td><a id="org.example.junit5.LoginPageReflectionTest.testLoginPageHasExpectedFieldTypes"></a>testLoginPageHasExpectedFieldTypes</td></tr>
<tr class="a">
<td align="left">-</td>
<td>java.lang.NoSuchFieldException: usernameField</td></tr>
<tr class="b">
<td align="left">-</td>
<td>
<div id="testLoginPageHasExpectedFieldTypes-error">org.example.junit5.LoginPageReflectionTest:124</div></td></tr>
<tr class="a">
<td align="left"><img src="images/icon_error_sml.gif" alt="" /></td>
<td><a id="org.example.junit5.LoginPageReflectionTest.testLoginPageFieldsExist"></a>testLoginPageFieldsExist</td></tr>
<tr class="b">
<td align="left">-</td>
<td>java.lang.NoSuchFieldException: usernameField</td></tr>
<tr class="a">
<td align="left">-</td>
<td>
<div id="testLoginPageFieldsExist-error">org.example.junit5.LoginPageReflectionTest:27</div></td></tr>
<tr class="b">
<td align="left"><img src="images/icon_error_sml.gif" alt="" /></td>
<td><a id="org.example.junit5.LoginPageReflectionTest.testLoginPageConstructorIsPrivate"></a>testLoginPageConstructorIsPrivate</td></tr>
<tr class="a">
<td align="left">-</td>
<td>org.opentest4j.AssertionFailedError: LoginPage constructor should be private ==&gt; expected: &lt;true&gt; but was: &lt;false&gt;</td></tr>
<tr class="b">
<td align="left">-</td>
<td>
<div id="testLoginPageConstructorIsPrivate-failure">org.example.junit5.LoginPageReflectionTest:63</div></td></tr>
<tr class="a">
<td align="left"><img src="images/icon_error_sml.gif" alt="" /></td>
<td><a id="org.example.junit5.LoginPageReflectionTest.testLoginPageHasNoPublicFields"></a>testLoginPageHasNoPublicFields</td></tr>
<tr class="b">
<td align="left">-</td>
<td>org.opentest4j.AssertionFailedError: LoginPage should not expose public fields ==&gt; expected: &lt;0&gt; but was: &lt;36&gt;</td></tr>
<tr class="a">
<td align="left">-</td>
<td>
<div id="testLoginPageHasNoPublicFields-failure">org.example.junit5.LoginPageReflectionTest:56</div></td></tr>
<tr class="b">
<td align="left"><img src="images/icon_error_sml.gif" alt="" /></td>
<td><a id="org.example.junit5.LoginPageReflectionTest.testLoginMethodParameters"></a>testLoginMethodParameters</td></tr>
<tr class="a">
<td align="left">-</td>
<td>java.lang.NoSuchMethodException: org.example.LoginPage.login(java.lang.String,java.lang.String)</td></tr>
<tr class="b">
<td align="left">-</td>
<td>
<div id="testLoginMethodParameters-error">org.example.junit5.LoginPageReflectionTest:85</div></td></tr></table><br /></section>
      </div>
    </div>
    <div class="clear">
      <hr/>
    </div>
    <div id="footer">
      <div class="xright">
        Copyright &#169;      2025..      </div>
      <div class="clear">
        <hr/>
      </div>
    </div>
  </body>
</html>
